{"C:\\Users\\Bagance.DESKTOP-CTTOA7J\\Work\\Repo\\Personal Project\\ecommerce\\backend\\src\\config\\db.js": {"path":"C:\\Users\\Bagance.DESKTOP-CTTOA7J\\Work\\Repo\\Personal Project\\ecommerce\\backend\\src\\config\\db.js","statementMap":{"0":{"start":{"line":2,"column":17},"end":{"line":2,"column":20}},"1":{"start":{"line":6,"column":0},"end":{"line":6,"column":16}},"2":{"start":{"line":8,"column":13},"end":{"line":14,"column":2}}},"fnMap":{},"branchMap":{"0":{"loc":{"start":{"line":13,"column":17},"end":{"line":13,"column":46}},"type":"binary-expr","locations":[{"start":{"line":13,"column":17},"end":{"line":13,"column":36}},{"start":{"line":13,"column":40},"end":{"line":13,"column":46}}],"line":13}},"s":{"0":1,"1":1,"2":1},"f":{},"b":{"0":[1,1]},"inputSourceMap":null,"_coverageSchema":"1a1c01bbd47fc00a2c39e90264f33305004495a9","hash":"de1279a50478581f91eace749c76a1f34b7d355d"}
,"C:\\Users\\Bagance.DESKTOP-CTTOA7J\\Work\\Repo\\Personal Project\\ecommerce\\backend\\src\\controllers\\auth.controller.js": {"path":"C:\\Users\\Bagance.DESKTOP-CTTOA7J\\Work\\Repo\\Personal Project\\ecommerce\\backend\\src\\controllers\\auth.controller.js","statementMap":{"0":{"start":{"line":6,"column":25},"end":{"line":53,"column":1}},"1":{"start":{"line":7,"column":2},"end":{"line":52,"column":3}},"2":{"start":{"line":8,"column":37},"end":{"line":8,"column":45}},"3":{"start":{"line":9,"column":4},"end":{"line":9,"column":34}},"4":{"start":{"line":11,"column":17},"end":{"line":11,"column":52}},"5":{"start":{"line":12,"column":4},"end":{"line":12,"column":30}},"6":{"start":{"line":14,"column":4},"end":{"line":16,"column":5}},"7":{"start":{"line":15,"column":6},"end":{"line":15,"column":65}},"8":{"start":{"line":19,"column":28},"end":{"line":19,"column":82}},"9":{"start":{"line":21,"column":4},"end":{"line":23,"column":5}},"10":{"start":{"line":22,"column":6},"end":{"line":22,"column":70}},"11":{"start":{"line":26,"column":18},"end":{"line":30,"column":5}},"12":{"start":{"line":32,"column":19},"end":{"line":32,"column":23}},"13":{"start":{"line":35,"column":4},"end":{"line":40,"column":7}},"14":{"start":{"line":43,"column":4},"end":{"line":49,"column":7}},"15":{"start":{"line":51,"column":4},"end":{"line":51,"column":16}},"16":{"start":{"line":55,"column":28},"end":{"line":63,"column":3}},"17":{"start":{"line":56,"column":4},"end":{"line":62,"column":5}},"18":{"start":{"line":58,"column":6},"end":{"line":58,"column":31}},"19":{"start":{"line":59,"column":6},"end":{"line":59,"column":61}},"20":{"start":{"line":61,"column":6},"end":{"line":61,"column":18}}},"fnMap":{"0":{"name":"(anonymous_0)","decl":{"start":{"line":6,"column":25},"end":{"line":6,"column":26}},"loc":{"start":{"line":6,"column":51},"end":{"line":53,"column":1}},"line":6},"1":{"name":"(anonymous_1)","decl":{"start":{"line":55,"column":28},"end":{"line":55,"column":29}},"loc":{"start":{"line":55,"column":48},"end":{"line":63,"column":3}},"line":55}},"branchMap":{"0":{"loc":{"start":{"line":14,"column":4},"end":{"line":16,"column":5}},"type":"if","locations":[{"start":{"line":14,"column":4},"end":{"line":16,"column":5}},{"start":{},"end":{}}],"line":14},"1":{"loc":{"start":{"line":21,"column":4},"end":{"line":23,"column":5}},"type":"if","locations":[{"start":{"line":21,"column":4},"end":{"line":23,"column":5}},{"start":{},"end":{}}],"line":21}},"s":{"0":1,"1":0,"2":0,"3":0,"4":0,"5":0,"6":0,"7":0,"8":0,"9":0,"10":0,"11":0,"12":0,"13":0,"14":0,"15":0,"16":1,"17":0,"18":0,"19":0,"20":0},"f":{"0":0,"1":0},"b":{"0":[0,0],"1":[0,0]},"inputSourceMap":null,"_coverageSchema":"1a1c01bbd47fc00a2c39e90264f33305004495a9","hash":"23152bf9a847647348eb21b5bbcf9786ec0e158e"}
,"C:\\Users\\Bagance.DESKTOP-CTTOA7J\\Work\\Repo\\Personal Project\\ecommerce\\backend\\src\\controllers\\categories.controller.js": {"path":"C:\\Users\\Bagance.DESKTOP-CTTOA7J\\Work\\Repo\\Personal Project\\ecommerce\\backend\\src\\controllers\\categories.controller.js","statementMap":{"0":{"start":{"line":4,"column":32},"end":{"line":11,"column":1}},"1":{"start":{"line":5,"column":2},"end":{"line":10,"column":3}},"2":{"start":{"line":6,"column":23},"end":{"line":6,"column":44}},"3":{"start":{"line":7,"column":4},"end":{"line":7,"column":37}},"4":{"start":{"line":9,"column":4},"end":{"line":9,"column":16}},"5":{"start":{"line":13,"column":27},"end":{"line":24,"column":1}},"6":{"start":{"line":14,"column":2},"end":{"line":23,"column":3}},"7":{"start":{"line":15,"column":21},"end":{"line":15,"column":67}},"8":{"start":{"line":16,"column":4},"end":{"line":20,"column":5}},"9":{"start":{"line":17,"column":6},"end":{"line":17,"column":37}},"10":{"start":{"line":19,"column":6},"end":{"line":19,"column":62}},"11":{"start":{"line":22,"column":4},"end":{"line":22,"column":16}},"12":{"start":{"line":26,"column":33},"end":{"line":35,"column":3}},"13":{"start":{"line":27,"column":4},"end":{"line":34,"column":5}},"14":{"start":{"line":29,"column":26},"end":{"line":29,"column":56}},"15":{"start":{"line":31,"column":6},"end":{"line":31,"column":40}},"16":{"start":{"line":33,"column":6},"end":{"line":33,"column":18}},"17":{"start":{"line":37,"column":37},"end":{"line":51,"column":1}},"18":{"start":{"line":38,"column":4},"end":{"line":50,"column":5}},"19":{"start":{"line":39,"column":31},"end":{"line":39,"column":39}},"20":{"start":{"line":40,"column":34},"end":{"line":40,"column":36}},"21":{"start":{"line":42,"column":8},"end":{"line":45,"column":9}},"22":{"start":{"line":43,"column":32},"end":{"line":43,"column":58}},"23":{"start":{"line":44,"column":12},"end":{"line":44,"column":48}},"24":{"start":{"line":47,"column":8},"end":{"line":47,"column":48}},"25":{"start":{"line":49,"column":8},"end":{"line":49,"column":20}},"26":{"start":{"line":53,"column":38},"end":{"line":81,"column":1}},"27":{"start":{"line":54,"column":2},"end":{"line":80,"column":3}},"28":{"start":{"line":55,"column":18},"end":{"line":55,"column":26}},"29":{"start":{"line":56,"column":23},"end":{"line":56,"column":50}},"30":{"start":{"line":58,"column":4},"end":{"line":60,"column":5}},"31":{"start":{"line":59,"column":6},"end":{"line":59,"column":89}},"32":{"start":{"line":62,"column":29},"end":{"line":62,"column":62}},"33":{"start":{"line":63,"column":4},"end":{"line":65,"column":5}},"34":{"start":{"line":64,"column":6},"end":{"line":64,"column":90}},"35":{"start":{"line":67,"column":25},"end":{"line":70,"column":5}},"36":{"start":{"line":72,"column":28},"end":{"line":72,"column":74}},"37":{"start":{"line":73,"column":4},"end":{"line":77,"column":5}},"38":{"start":{"line":74,"column":6},"end":{"line":74,"column":44}},"39":{"start":{"line":76,"column":6},"end":{"line":76,"column":62}},"40":{"start":{"line":79,"column":4},"end":{"line":79,"column":16}},"41":{"start":{"line":83,"column":37},"end":{"line":147,"column":1}},"42":{"start":{"line":86,"column":21},"end":{"line":88,"column":23}},"43":{"start":{"line":93,"column":2},"end":{"line":95,"column":3}},"44":{"start":{"line":94,"column":4},"end":{"line":94,"column":72}},"45":{"start":{"line":97,"column":2},"end":{"line":146,"column":3}},"46":{"start":{"line":98,"column":30},"end":{"line":98,"column":32}},"47":{"start":{"line":101,"column":4},"end":{"line":133,"column":5}},"48":{"start":{"line":102,"column":40},"end":{"line":102,"column":48}},"49":{"start":{"line":105,"column":23},"end":{"line":105,"column":39}},"50":{"start":{"line":107,"column":6},"end":{"line":109,"column":7}},"51":{"start":{"line":108,"column":8},"end":{"line":108,"column":105}},"52":{"start":{"line":112,"column":31},"end":{"line":112,"column":62}},"53":{"start":{"line":113,"column":6},"end":{"line":116,"column":7}},"54":{"start":{"line":114,"column":8},"end":{"line":114,"column":63}},"55":{"start":{"line":115,"column":8},"end":{"line":115,"column":17}},"56":{"start":{"line":119,"column":25},"end":{"line":123,"column":7}},"57":{"start":{"line":125,"column":30},"end":{"line":125,"column":72}},"58":{"start":{"line":128,"column":6},"end":{"line":132,"column":7}},"59":{"start":{"line":129,"column":8},"end":{"line":129,"column":48}},"60":{"start":{"line":131,"column":8},"end":{"line":131,"column":63}},"61":{"start":{"line":136,"column":4},"end":{"line":139,"column":7}},"62":{"start":{"line":141,"column":4},"end":{"line":141,"column":55}},"63":{"start":{"line":142,"column":4},"end":{"line":145,"column":7}},"64":{"start":{"line":149,"column":30},"end":{"line":167,"column":3}},"65":{"start":{"line":150,"column":4},"end":{"line":166,"column":5}},"66":{"start":{"line":151,"column":25},"end":{"line":151,"column":48}},"67":{"start":{"line":153,"column":6},"end":{"line":155,"column":7}},"68":{"start":{"line":154,"column":8},"end":{"line":154,"column":72}},"69":{"start":{"line":157,"column":35},"end":{"line":157,"column":67}},"70":{"start":{"line":159,"column":6},"end":{"line":161,"column":7}},"71":{"start":{"line":160,"column":8},"end":{"line":160,"column":71}},"72":{"start":{"line":163,"column":6},"end":{"line":163,"column":28}},"73":{"start":{"line":165,"column":6},"end":{"line":165,"column":18}},"74":{"start":{"line":169,"column":47},"end":{"line":177,"column":3}},"75":{"start":{"line":170,"column":4},"end":{"line":176,"column":5}},"76":{"start":{"line":171,"column":6},"end":{"line":171,"column":38}},"77":{"start":{"line":172,"column":6},"end":{"line":172,"column":34}},"78":{"start":{"line":173,"column":6},"end":{"line":173,"column":28}},"79":{"start":{"line":175,"column":6},"end":{"line":175,"column":18}}},"fnMap":{"0":{"name":"(anonymous_0)","decl":{"start":{"line":4,"column":32},"end":{"line":4,"column":33}},"loc":{"start":{"line":4,"column":58},"end":{"line":11,"column":1}},"line":4},"1":{"name":"(anonymous_1)","decl":{"start":{"line":13,"column":27},"end":{"line":13,"column":28}},"loc":{"start":{"line":13,"column":53},"end":{"line":24,"column":1}},"line":13},"2":{"name":"(anonymous_2)","decl":{"start":{"line":26,"column":33},"end":{"line":26,"column":34}},"loc":{"start":{"line":26,"column":59},"end":{"line":35,"column":3}},"line":26},"3":{"name":"(anonymous_3)","decl":{"start":{"line":37,"column":37},"end":{"line":37,"column":38}},"loc":{"start":{"line":37,"column":63},"end":{"line":51,"column":1}},"line":37},"4":{"name":"(anonymous_4)","decl":{"start":{"line":53,"column":38},"end":{"line":53,"column":39}},"loc":{"start":{"line":53,"column":64},"end":{"line":81,"column":1}},"line":53},"5":{"name":"(anonymous_5)","decl":{"start":{"line":83,"column":37},"end":{"line":83,"column":38}},"loc":{"start":{"line":83,"column":63},"end":{"line":147,"column":1}},"line":83},"6":{"name":"(anonymous_6)","decl":{"start":{"line":149,"column":30},"end":{"line":149,"column":31}},"loc":{"start":{"line":149,"column":56},"end":{"line":167,"column":3}},"line":149},"7":{"name":"(anonymous_7)","decl":{"start":{"line":169,"column":47},"end":{"line":169,"column":48}},"loc":{"start":{"line":169,"column":73},"end":{"line":177,"column":3}},"line":169}},"branchMap":{"0":{"loc":{"start":{"line":16,"column":4},"end":{"line":20,"column":5}},"type":"if","locations":[{"start":{"line":16,"column":4},"end":{"line":20,"column":5}},{"start":{"line":18,"column":11},"end":{"line":20,"column":5}}],"line":16},"1":{"loc":{"start":{"line":58,"column":4},"end":{"line":60,"column":5}},"type":"if","locations":[{"start":{"line":58,"column":4},"end":{"line":60,"column":5}},{"start":{},"end":{}}],"line":58},"2":{"loc":{"start":{"line":63,"column":4},"end":{"line":65,"column":5}},"type":"if","locations":[{"start":{"line":63,"column":4},"end":{"line":65,"column":5}},{"start":{},"end":{}}],"line":63},"3":{"loc":{"start":{"line":69,"column":18},"end":{"line":69,"column":66}},"type":"cond-expr","locations":[{"start":{"line":69,"column":26},"end":{"line":69,"column":36}},{"start":{"line":69,"column":39},"end":{"line":69,"column":66}}],"line":69},"4":{"loc":{"start":{"line":73,"column":4},"end":{"line":77,"column":5}},"type":"if","locations":[{"start":{"line":73,"column":4},"end":{"line":77,"column":5}},{"start":{"line":75,"column":11},"end":{"line":77,"column":5}}],"line":73},"5":{"loc":{"start":{"line":86,"column":21},"end":{"line":88,"column":23}},"type":"cond-expr","locations":[{"start":{"line":87,"column":4},"end":{"line":87,"column":35}},{"start":{"line":88,"column":4},"end":{"line":88,"column":23}}],"line":86},"6":{"loc":{"start":{"line":93,"column":2},"end":{"line":95,"column":3}},"type":"if","locations":[{"start":{"line":93,"column":2},"end":{"line":95,"column":3}},{"start":{},"end":{}}],"line":93},"7":{"loc":{"start":{"line":93,"column":6},"end":{"line":93,"column":39}},"type":"binary-expr","locations":[{"start":{"line":93,"column":6},"end":{"line":93,"column":17}},{"start":{"line":93,"column":21},"end":{"line":93,"column":39}}],"line":93},"8":{"loc":{"start":{"line":107,"column":6},"end":{"line":109,"column":7}},"type":"if","locations":[{"start":{"line":107,"column":6},"end":{"line":109,"column":7}},{"start":{},"end":{}}],"line":107},"9":{"loc":{"start":{"line":107,"column":10},"end":{"line":107,"column":38}},"type":"binary-expr","locations":[{"start":{"line":107,"column":10},"end":{"line":107,"column":19}},{"start":{"line":107,"column":23},"end":{"line":107,"column":38}}],"line":107},"10":{"loc":{"start":{"line":113,"column":6},"end":{"line":116,"column":7}},"type":"if","locations":[{"start":{"line":113,"column":6},"end":{"line":116,"column":7}},{"start":{},"end":{}}],"line":113},"11":{"loc":{"start":{"line":122,"column":20},"end":{"line":122,"column":91}},"type":"cond-expr","locations":[{"start":{"line":122,"column":42},"end":{"line":122,"column":61}},{"start":{"line":122,"column":64},"end":{"line":122,"column":91}}],"line":122},"12":{"loc":{"start":{"line":128,"column":6},"end":{"line":132,"column":7}},"type":"if","locations":[{"start":{"line":128,"column":6},"end":{"line":132,"column":7}},{"start":{"line":130,"column":13},"end":{"line":132,"column":7}}],"line":128},"13":{"loc":{"start":{"line":153,"column":6},"end":{"line":155,"column":7}},"type":"if","locations":[{"start":{"line":153,"column":6},"end":{"line":155,"column":7}},{"start":{},"end":{}}],"line":153},"14":{"loc":{"start":{"line":159,"column":6},"end":{"line":161,"column":7}},"type":"if","locations":[{"start":{"line":159,"column":6},"end":{"line":161,"column":7}},{"start":{},"end":{}}],"line":159}},"s":{"0":1,"1":0,"2":0,"3":0,"4":0,"5":1,"6":0,"7":0,"8":0,"9":0,"10":0,"11":0,"12":1,"13":0,"14":0,"15":0,"16":0,"17":1,"18":0,"19":0,"20":0,"21":0,"22":0,"23":0,"24":0,"25":0,"26":1,"27":0,"28":0,"29":0,"30":0,"31":0,"32":0,"33":0,"34":0,"35":0,"36":0,"37":0,"38":0,"39":0,"40":0,"41":1,"42":0,"43":0,"44":0,"45":0,"46":0,"47":0,"48":0,"49":0,"50":0,"51":0,"52":0,"53":0,"54":0,"55":0,"56":0,"57":0,"58":0,"59":0,"60":0,"61":0,"62":0,"63":0,"64":1,"65":0,"66":0,"67":0,"68":0,"69":0,"70":0,"71":0,"72":0,"73":0,"74":1,"75":0,"76":0,"77":0,"78":0,"79":0},"f":{"0":0,"1":0,"2":0,"3":0,"4":0,"5":0,"6":0,"7":0},"b":{"0":[0,0],"1":[0,0],"2":[0,0],"3":[0,0],"4":[0,0],"5":[0,0],"6":[0,0],"7":[0,0],"8":[0,0],"9":[0,0],"10":[0,0],"11":[0,0],"12":[0,0],"13":[0,0],"14":[0,0]},"inputSourceMap":null,"_coverageSchema":"1a1c01bbd47fc00a2c39e90264f33305004495a9","hash":"77a38505ddcd66c89ed32d830f8fac57fd6f6604"}
,"C:\\Users\\Bagance.DESKTOP-CTTOA7J\\Work\\Repo\\Personal Project\\ecommerce\\backend\\src\\controllers\\cities.controller.js": {"path":"C:\\Users\\Bagance.DESKTOP-CTTOA7J\\Work\\Repo\\Personal Project\\ecommerce\\backend\\src\\controllers\\cities.controller.js","statementMap":{"0":{"start":{"line":4,"column":38},"end":{"line":14,"column":1}},"1":{"start":{"line":5,"column":2},"end":{"line":13,"column":3}},"2":{"start":{"line":6,"column":19},"end":{"line":6,"column":39}},"3":{"start":{"line":7,"column":4},"end":{"line":10,"column":7}},"4":{"start":{"line":12,"column":4},"end":{"line":12,"column":16}},"5":{"start":{"line":17,"column":46},"end":{"line":29,"column":1}},"6":{"start":{"line":18,"column":2},"end":{"line":28,"column":3}},"7":{"start":{"line":19,"column":4},"end":{"line":19,"column":40}},"8":{"start":{"line":20,"column":22},"end":{"line":20,"column":50}},"9":{"start":{"line":21,"column":4},"end":{"line":24,"column":7}},"10":{"start":{"line":26,"column":4},"end":{"line":26,"column":32}},"11":{"start":{"line":27,"column":4},"end":{"line":27,"column":16}},"12":{"start":{"line":32,"column":47},"end":{"line":52,"column":1}},"13":{"start":{"line":33,"column":2},"end":{"line":51,"column":3}},"14":{"start":{"line":34,"column":27},"end":{"line":34,"column":37}},"15":{"start":{"line":35,"column":4},"end":{"line":35,"column":51}},"16":{"start":{"line":36,"column":19},"end":{"line":36,"column":58}},"17":{"start":{"line":38,"column":4},"end":{"line":43,"column":5}},"18":{"start":{"line":39,"column":6},"end":{"line":42,"column":9}},"19":{"start":{"line":45,"column":4},"end":{"line":48,"column":7}},"20":{"start":{"line":50,"column":4},"end":{"line":50,"column":16}},"21":{"start":{"line":55,"column":52},"end":{"line":82,"column":1}},"22":{"start":{"line":56,"column":19},"end":{"line":56,"column":49}},"23":{"start":{"line":57,"column":16},"end":{"line":57,"column":58}},"24":{"start":{"line":58,"column":23},"end":{"line":58,"column":33}},"25":{"start":{"line":60,"column":33},"end":{"line":60,"column":36}},"26":{"start":{"line":61,"column":28},"end":{"line":61,"column":33}},"27":{"start":{"line":62,"column":27},"end":{"line":62,"column":31}},"28":{"start":{"line":64,"column":4},"end":{"line":81,"column":5}},"29":{"start":{"line":65,"column":25},"end":{"line":74,"column":10}},"30":{"start":{"line":77,"column":8},"end":{"line":77,"column":44}},"31":{"start":{"line":79,"column":8},"end":{"line":79,"column":62}},"32":{"start":{"line":80,"column":8},"end":{"line":80,"column":74}}},"fnMap":{"0":{"name":"(anonymous_0)","decl":{"start":{"line":4,"column":38},"end":{"line":4,"column":39}},"loc":{"start":{"line":4,"column":64},"end":{"line":14,"column":1}},"line":4},"1":{"name":"(anonymous_1)","decl":{"start":{"line":17,"column":46},"end":{"line":17,"column":47}},"loc":{"start":{"line":17,"column":72},"end":{"line":29,"column":1}},"line":17},"2":{"name":"(anonymous_2)","decl":{"start":{"line":32,"column":47},"end":{"line":32,"column":48}},"loc":{"start":{"line":32,"column":73},"end":{"line":52,"column":1}},"line":32},"3":{"name":"(anonymous_3)","decl":{"start":{"line":55,"column":52},"end":{"line":55,"column":53}},"loc":{"start":{"line":55,"column":78},"end":{"line":82,"column":1}},"line":55}},"branchMap":{"0":{"loc":{"start":{"line":38,"column":4},"end":{"line":43,"column":5}},"type":"if","locations":[{"start":{"line":38,"column":4},"end":{"line":43,"column":5}},{"start":{},"end":{}}],"line":38}},"s":{"0":1,"1":0,"2":0,"3":0,"4":0,"5":1,"6":0,"7":0,"8":0,"9":0,"10":0,"11":0,"12":1,"13":0,"14":0,"15":0,"16":0,"17":0,"18":0,"19":0,"20":0,"21":1,"22":0,"23":0,"24":0,"25":0,"26":0,"27":0,"28":0,"29":0,"30":0,"31":0,"32":0},"f":{"0":0,"1":0,"2":0,"3":0},"b":{"0":[0,0]},"inputSourceMap":null,"_coverageSchema":"1a1c01bbd47fc00a2c39e90264f33305004495a9","hash":"28d43f25e34a4b5cca88390bed60c138e282141d"}
,"C:\\Users\\Bagance.DESKTOP-CTTOA7J\\Work\\Repo\\Personal Project\\ecommerce\\backend\\src\\controllers\\collections.controller.js": {"path":"C:\\Users\\Bagance.DESKTOP-CTTOA7J\\Work\\Repo\\Personal Project\\ecommerce\\backend\\src\\controllers\\collections.controller.js","statementMap":{"0":{"start":{"line":4,"column":33},"end":{"line":11,"column":1}},"1":{"start":{"line":5,"column":2},"end":{"line":10,"column":3}},"2":{"start":{"line":6,"column":24},"end":{"line":6,"column":46}},"3":{"start":{"line":7,"column":4},"end":{"line":7,"column":38}},"4":{"start":{"line":9,"column":4},"end":{"line":9,"column":16}},"5":{"start":{"line":13,"column":29},"end":{"line":24,"column":1}},"6":{"start":{"line":14,"column":2},"end":{"line":23,"column":3}},"7":{"start":{"line":15,"column":23},"end":{"line":15,"column":71}},"8":{"start":{"line":16,"column":4},"end":{"line":20,"column":5}},"9":{"start":{"line":17,"column":6},"end":{"line":17,"column":39}},"10":{"start":{"line":19,"column":6},"end":{"line":19,"column":64}},"11":{"start":{"line":22,"column":4},"end":{"line":22,"column":16}},"12":{"start":{"line":26,"column":35},"end":{"line":35,"column":3}},"13":{"start":{"line":27,"column":4},"end":{"line":34,"column":5}},"14":{"start":{"line":29,"column":28},"end":{"line":29,"column":60}},"15":{"start":{"line":31,"column":6},"end":{"line":31,"column":42}},"16":{"start":{"line":33,"column":6},"end":{"line":33,"column":18}},"17":{"start":{"line":37,"column":37},"end":{"line":51,"column":1}},"18":{"start":{"line":38,"column":4},"end":{"line":50,"column":5}},"19":{"start":{"line":39,"column":32},"end":{"line":39,"column":40}},"20":{"start":{"line":40,"column":35},"end":{"line":40,"column":37}},"21":{"start":{"line":42,"column":8},"end":{"line":45,"column":9}},"22":{"start":{"line":43,"column":34},"end":{"line":43,"column":62}},"23":{"start":{"line":44,"column":12},"end":{"line":44,"column":51}},"24":{"start":{"line":47,"column":8},"end":{"line":47,"column":49}},"25":{"start":{"line":49,"column":8},"end":{"line":49,"column":20}},"26":{"start":{"line":53,"column":40},"end":{"line":81,"column":1}},"27":{"start":{"line":54,"column":2},"end":{"line":80,"column":3}},"28":{"start":{"line":55,"column":18},"end":{"line":55,"column":26}},"29":{"start":{"line":56,"column":25},"end":{"line":56,"column":52}},"30":{"start":{"line":58,"column":4},"end":{"line":60,"column":5}},"31":{"start":{"line":59,"column":6},"end":{"line":59,"column":93}},"32":{"start":{"line":62,"column":31},"end":{"line":62,"column":68}},"33":{"start":{"line":63,"column":4},"end":{"line":65,"column":5}},"34":{"start":{"line":64,"column":6},"end":{"line":64,"column":94}},"35":{"start":{"line":67,"column":27},"end":{"line":70,"column":5}},"36":{"start":{"line":72,"column":30},"end":{"line":72,"column":82}},"37":{"start":{"line":73,"column":4},"end":{"line":77,"column":5}},"38":{"start":{"line":74,"column":6},"end":{"line":74,"column":46}},"39":{"start":{"line":76,"column":6},"end":{"line":76,"column":64}},"40":{"start":{"line":79,"column":4},"end":{"line":79,"column":16}},"41":{"start":{"line":83,"column":38},"end":{"line":143,"column":1}},"42":{"start":{"line":86,"column":22},"end":{"line":88,"column":24}},"43":{"start":{"line":91,"column":2},"end":{"line":93,"column":3}},"44":{"start":{"line":92,"column":4},"end":{"line":92,"column":73}},"45":{"start":{"line":95,"column":2},"end":{"line":142,"column":3}},"46":{"start":{"line":96,"column":31},"end":{"line":96,"column":33}},"47":{"start":{"line":99,"column":4},"end":{"line":129,"column":5}},"48":{"start":{"line":100,"column":39},"end":{"line":100,"column":49}},"49":{"start":{"line":103,"column":23},"end":{"line":103,"column":39}},"50":{"start":{"line":104,"column":6},"end":{"line":104,"column":40}},"51":{"start":{"line":106,"column":6},"end":{"line":108,"column":7}},"52":{"start":{"line":107,"column":8},"end":{"line":107,"column":109}},"53":{"start":{"line":110,"column":33},"end":{"line":110,"column":66}},"54":{"start":{"line":111,"column":6},"end":{"line":114,"column":7}},"55":{"start":{"line":112,"column":8},"end":{"line":112,"column":65}},"56":{"start":{"line":113,"column":8},"end":{"line":113,"column":17}},"57":{"start":{"line":117,"column":32},"end":{"line":121,"column":8}},"58":{"start":{"line":124,"column":6},"end":{"line":128,"column":7}},"59":{"start":{"line":125,"column":8},"end":{"line":125,"column":51}},"60":{"start":{"line":127,"column":8},"end":{"line":127,"column":65}},"61":{"start":{"line":132,"column":4},"end":{"line":135,"column":7}},"62":{"start":{"line":137,"column":4},"end":{"line":137,"column":56}},"63":{"start":{"line":138,"column":4},"end":{"line":141,"column":7}},"64":{"start":{"line":146,"column":32},"end":{"line":165,"column":3}},"65":{"start":{"line":147,"column":4},"end":{"line":164,"column":5}},"66":{"start":{"line":148,"column":27},"end":{"line":148,"column":50}},"67":{"start":{"line":149,"column":6},"end":{"line":149,"column":48}},"68":{"start":{"line":151,"column":6},"end":{"line":153,"column":7}},"69":{"start":{"line":152,"column":8},"end":{"line":152,"column":74}},"70":{"start":{"line":155,"column":37},"end":{"line":155,"column":73}},"71":{"start":{"line":157,"column":6},"end":{"line":159,"column":7}},"72":{"start":{"line":158,"column":8},"end":{"line":158,"column":73}},"73":{"start":{"line":161,"column":6},"end":{"line":161,"column":28}},"74":{"start":{"line":163,"column":6},"end":{"line":163,"column":18}}},"fnMap":{"0":{"name":"(anonymous_0)","decl":{"start":{"line":4,"column":33},"end":{"line":4,"column":34}},"loc":{"start":{"line":4,"column":59},"end":{"line":11,"column":1}},"line":4},"1":{"name":"(anonymous_1)","decl":{"start":{"line":13,"column":29},"end":{"line":13,"column":30}},"loc":{"start":{"line":13,"column":55},"end":{"line":24,"column":1}},"line":13},"2":{"name":"(anonymous_2)","decl":{"start":{"line":26,"column":35},"end":{"line":26,"column":36}},"loc":{"start":{"line":26,"column":61},"end":{"line":35,"column":3}},"line":26},"3":{"name":"(anonymous_3)","decl":{"start":{"line":37,"column":37},"end":{"line":37,"column":38}},"loc":{"start":{"line":37,"column":63},"end":{"line":51,"column":1}},"line":37},"4":{"name":"(anonymous_4)","decl":{"start":{"line":53,"column":40},"end":{"line":53,"column":41}},"loc":{"start":{"line":53,"column":66},"end":{"line":81,"column":1}},"line":53},"5":{"name":"(anonymous_5)","decl":{"start":{"line":83,"column":38},"end":{"line":83,"column":39}},"loc":{"start":{"line":83,"column":64},"end":{"line":143,"column":1}},"line":83},"6":{"name":"(anonymous_6)","decl":{"start":{"line":146,"column":32},"end":{"line":146,"column":33}},"loc":{"start":{"line":146,"column":58},"end":{"line":165,"column":3}},"line":146}},"branchMap":{"0":{"loc":{"start":{"line":16,"column":4},"end":{"line":20,"column":5}},"type":"if","locations":[{"start":{"line":16,"column":4},"end":{"line":20,"column":5}},{"start":{"line":18,"column":11},"end":{"line":20,"column":5}}],"line":16},"1":{"loc":{"start":{"line":58,"column":4},"end":{"line":60,"column":5}},"type":"if","locations":[{"start":{"line":58,"column":4},"end":{"line":60,"column":5}},{"start":{},"end":{}}],"line":58},"2":{"loc":{"start":{"line":63,"column":4},"end":{"line":65,"column":5}},"type":"if","locations":[{"start":{"line":63,"column":4},"end":{"line":65,"column":5}},{"start":{},"end":{}}],"line":63},"3":{"loc":{"start":{"line":69,"column":18},"end":{"line":69,"column":68}},"type":"cond-expr","locations":[{"start":{"line":69,"column":26},"end":{"line":69,"column":36}},{"start":{"line":69,"column":39},"end":{"line":69,"column":68}}],"line":69},"4":{"loc":{"start":{"line":73,"column":4},"end":{"line":77,"column":5}},"type":"if","locations":[{"start":{"line":73,"column":4},"end":{"line":77,"column":5}},{"start":{"line":75,"column":11},"end":{"line":77,"column":5}}],"line":73},"5":{"loc":{"start":{"line":86,"column":22},"end":{"line":88,"column":24}},"type":"cond-expr","locations":[{"start":{"line":87,"column":4},"end":{"line":87,"column":36}},{"start":{"line":88,"column":4},"end":{"line":88,"column":24}}],"line":86},"6":{"loc":{"start":{"line":91,"column":2},"end":{"line":93,"column":3}},"type":"if","locations":[{"start":{"line":91,"column":2},"end":{"line":93,"column":3}},{"start":{},"end":{}}],"line":91},"7":{"loc":{"start":{"line":91,"column":6},"end":{"line":91,"column":41}},"type":"binary-expr","locations":[{"start":{"line":91,"column":6},"end":{"line":91,"column":18}},{"start":{"line":91,"column":22},"end":{"line":91,"column":41}}],"line":91},"8":{"loc":{"start":{"line":106,"column":6},"end":{"line":108,"column":7}},"type":"if","locations":[{"start":{"line":106,"column":6},"end":{"line":108,"column":7}},{"start":{},"end":{}}],"line":106},"9":{"loc":{"start":{"line":106,"column":10},"end":{"line":106,"column":38}},"type":"binary-expr","locations":[{"start":{"line":106,"column":10},"end":{"line":106,"column":19}},{"start":{"line":106,"column":23},"end":{"line":106,"column":38}}],"line":106},"10":{"loc":{"start":{"line":111,"column":6},"end":{"line":114,"column":7}},"type":"if","locations":[{"start":{"line":111,"column":6},"end":{"line":114,"column":7}},{"start":{},"end":{}}],"line":111},"11":{"loc":{"start":{"line":120,"column":20},"end":{"line":120,"column":97}},"type":"cond-expr","locations":[{"start":{"line":120,"column":44},"end":{"line":120,"column":65}},{"start":{"line":120,"column":68},"end":{"line":120,"column":97}}],"line":120},"12":{"loc":{"start":{"line":124,"column":6},"end":{"line":128,"column":7}},"type":"if","locations":[{"start":{"line":124,"column":6},"end":{"line":128,"column":7}},{"start":{"line":126,"column":13},"end":{"line":128,"column":7}}],"line":124},"13":{"loc":{"start":{"line":151,"column":6},"end":{"line":153,"column":7}},"type":"if","locations":[{"start":{"line":151,"column":6},"end":{"line":153,"column":7}},{"start":{},"end":{}}],"line":151},"14":{"loc":{"start":{"line":157,"column":6},"end":{"line":159,"column":7}},"type":"if","locations":[{"start":{"line":157,"column":6},"end":{"line":159,"column":7}},{"start":{},"end":{}}],"line":157}},"s":{"0":1,"1":0,"2":0,"3":0,"4":0,"5":1,"6":0,"7":0,"8":0,"9":0,"10":0,"11":0,"12":1,"13":0,"14":0,"15":0,"16":0,"17":1,"18":0,"19":0,"20":0,"21":0,"22":0,"23":0,"24":0,"25":0,"26":1,"27":0,"28":0,"29":0,"30":0,"31":0,"32":0,"33":0,"34":0,"35":0,"36":0,"37":0,"38":0,"39":0,"40":0,"41":1,"42":0,"43":0,"44":0,"45":0,"46":0,"47":0,"48":0,"49":0,"50":0,"51":0,"52":0,"53":0,"54":0,"55":0,"56":0,"57":0,"58":0,"59":0,"60":0,"61":0,"62":0,"63":0,"64":1,"65":0,"66":0,"67":0,"68":0,"69":0,"70":0,"71":0,"72":0,"73":0,"74":0},"f":{"0":0,"1":0,"2":0,"3":0,"4":0,"5":0,"6":0},"b":{"0":[0,0],"1":[0,0],"2":[0,0],"3":[0,0],"4":[0,0],"5":[0,0],"6":[0,0],"7":[0,0],"8":[0,0],"9":[0,0],"10":[0,0],"11":[0,0],"12":[0,0],"13":[0,0],"14":[0,0]},"inputSourceMap":null,"_coverageSchema":"1a1c01bbd47fc00a2c39e90264f33305004495a9","hash":"e3ca493f1308731694d9ecc4f7d98c7ba771779d"}
,"C:\\Users\\Bagance.DESKTOP-CTTOA7J\\Work\\Repo\\Personal Project\\ecommerce\\backend\\src\\controllers\\orders.controller.js": {"path":"C:\\Users\\Bagance.DESKTOP-CTTOA7J\\Work\\Repo\\Personal Project\\ecommerce\\backend\\src\\controllers\\orders.controller.js","statementMap":{"0":{"start":{"line":3,"column":28},"end":{"line":10,"column":1}},"1":{"start":{"line":4,"column":2},"end":{"line":9,"column":3}},"2":{"start":{"line":5,"column":19},"end":{"line":5,"column":36}},"3":{"start":{"line":6,"column":4},"end":{"line":6,"column":33}},"4":{"start":{"line":8,"column":4},"end":{"line":8,"column":16}},"5":{"start":{"line":12,"column":24},"end":{"line":24,"column":1}},"6":{"start":{"line":13,"column":2},"end":{"line":23,"column":3}},"7":{"start":{"line":14,"column":32},"end":{"line":14,"column":42}},"8":{"start":{"line":15,"column":18},"end":{"line":15,"column":73}},"9":{"start":{"line":16,"column":4},"end":{"line":20,"column":5}},"10":{"start":{"line":17,"column":6},"end":{"line":17,"column":34}},"11":{"start":{"line":19,"column":6},"end":{"line":19,"column":59}},"12":{"start":{"line":22,"column":4},"end":{"line":22,"column":16}},"13":{"start":{"line":26,"column":28},"end":{"line":37,"column":1}},"14":{"start":{"line":27,"column":2},"end":{"line":36,"column":3}},"15":{"start":{"line":28,"column":18},"end":{"line":28,"column":69}},"16":{"start":{"line":29,"column":4},"end":{"line":33,"column":5}},"17":{"start":{"line":30,"column":6},"end":{"line":30,"column":34}},"18":{"start":{"line":32,"column":6},"end":{"line":32,"column":59}},"19":{"start":{"line":35,"column":4},"end":{"line":35,"column":16}},"20":{"start":{"line":39,"column":30},"end":{"line":48,"column":1}},"21":{"start":{"line":40,"column":2},"end":{"line":47,"column":3}},"22":{"start":{"line":42,"column":21},"end":{"line":42,"column":48}},"23":{"start":{"line":43,"column":4},"end":{"line":43,"column":35}},"24":{"start":{"line":45,"column":4},"end":{"line":45,"column":23}},"25":{"start":{"line":46,"column":4},"end":{"line":46,"column":16}},"26":{"start":{"line":50,"column":35},"end":{"line":66,"column":1}},"27":{"start":{"line":51,"column":26},"end":{"line":53,"column":12}},"28":{"start":{"line":54,"column":2},"end":{"line":65,"column":3}},"29":{"start":{"line":55,"column":25},"end":{"line":55,"column":84}},"30":{"start":{"line":57,"column":4},"end":{"line":61,"column":5}},"31":{"start":{"line":58,"column":6},"end":{"line":58,"column":41}},"32":{"start":{"line":60,"column":6},"end":{"line":60,"column":59}},"33":{"start":{"line":63,"column":4},"end":{"line":63,"column":37}},"34":{"start":{"line":64,"column":4},"end":{"line":64,"column":16}},"35":{"start":{"line":68,"column":27},"end":{"line":86,"column":1}},"36":{"start":{"line":69,"column":2},"end":{"line":85,"column":3}},"37":{"start":{"line":70,"column":20},"end":{"line":70,"column":43}},"38":{"start":{"line":72,"column":4},"end":{"line":74,"column":5}},"39":{"start":{"line":73,"column":6},"end":{"line":73,"column":67}},"40":{"start":{"line":76,"column":30},"end":{"line":76,"column":56}},"41":{"start":{"line":78,"column":4},"end":{"line":80,"column":5}},"42":{"start":{"line":79,"column":6},"end":{"line":79,"column":66}},"43":{"start":{"line":82,"column":4},"end":{"line":82,"column":26}},"44":{"start":{"line":84,"column":4},"end":{"line":84,"column":16}}},"fnMap":{"0":{"name":"(anonymous_0)","decl":{"start":{"line":3,"column":28},"end":{"line":3,"column":29}},"loc":{"start":{"line":3,"column":54},"end":{"line":10,"column":1}},"line":3},"1":{"name":"(anonymous_1)","decl":{"start":{"line":12,"column":24},"end":{"line":12,"column":25}},"loc":{"start":{"line":12,"column":50},"end":{"line":24,"column":1}},"line":12},"2":{"name":"(anonymous_2)","decl":{"start":{"line":26,"column":28},"end":{"line":26,"column":29}},"loc":{"start":{"line":26,"column":54},"end":{"line":37,"column":1}},"line":26},"3":{"name":"(anonymous_3)","decl":{"start":{"line":39,"column":30},"end":{"line":39,"column":31}},"loc":{"start":{"line":39,"column":56},"end":{"line":48,"column":1}},"line":39},"4":{"name":"(anonymous_4)","decl":{"start":{"line":50,"column":35},"end":{"line":50,"column":36}},"loc":{"start":{"line":50,"column":61},"end":{"line":66,"column":1}},"line":50},"5":{"name":"(anonymous_5)","decl":{"start":{"line":68,"column":27},"end":{"line":68,"column":28}},"loc":{"start":{"line":68,"column":53},"end":{"line":86,"column":1}},"line":68}},"branchMap":{"0":{"loc":{"start":{"line":16,"column":4},"end":{"line":20,"column":5}},"type":"if","locations":[{"start":{"line":16,"column":4},"end":{"line":20,"column":5}},{"start":{"line":18,"column":11},"end":{"line":20,"column":5}}],"line":16},"1":{"loc":{"start":{"line":29,"column":4},"end":{"line":33,"column":5}},"type":"if","locations":[{"start":{"line":29,"column":4},"end":{"line":33,"column":5}},{"start":{"line":31,"column":11},"end":{"line":33,"column":5}}],"line":29},"2":{"loc":{"start":{"line":51,"column":26},"end":{"line":53,"column":12}},"type":"cond-expr","locations":[{"start":{"line":52,"column":4},"end":{"line":52,"column":24}},{"start":{"line":53,"column":4},"end":{"line":53,"column":12}}],"line":51},"3":{"loc":{"start":{"line":57,"column":4},"end":{"line":61,"column":5}},"type":"if","locations":[{"start":{"line":57,"column":4},"end":{"line":61,"column":5}},{"start":{"line":59,"column":11},"end":{"line":61,"column":5}}],"line":57},"4":{"loc":{"start":{"line":72,"column":4},"end":{"line":74,"column":5}},"type":"if","locations":[{"start":{"line":72,"column":4},"end":{"line":74,"column":5}},{"start":{},"end":{}}],"line":72},"5":{"loc":{"start":{"line":78,"column":4},"end":{"line":80,"column":5}},"type":"if","locations":[{"start":{"line":78,"column":4},"end":{"line":80,"column":5}},{"start":{},"end":{}}],"line":78}},"s":{"0":1,"1":1,"2":1,"3":1,"4":0,"5":1,"6":3,"7":3,"8":3,"9":3,"10":1,"11":2,"12":0,"13":1,"14":1,"15":1,"16":1,"17":1,"18":0,"19":0,"20":1,"21":8,"22":8,"23":8,"24":0,"25":0,"26":1,"27":1,"28":1,"29":1,"30":1,"31":1,"32":0,"33":0,"34":0,"35":1,"36":9,"37":9,"38":9,"39":0,"40":9,"41":9,"42":1,"43":8,"44":0},"f":{"0":1,"1":3,"2":1,"3":8,"4":1,"5":9},"b":{"0":[1,2],"1":[1,0],"2":[0,1],"3":[1,0],"4":[0,9],"5":[1,8]},"inputSourceMap":null,"_coverageSchema":"1a1c01bbd47fc00a2c39e90264f33305004495a9","hash":"0dffccb2f33cf895e601a940047a5d93192efbd4"}
,"C:\\Users\\Bagance.DESKTOP-CTTOA7J\\Work\\Repo\\Personal Project\\ecommerce\\backend\\src\\controllers\\products.controller.js": {"path":"C:\\Users\\Bagance.DESKTOP-CTTOA7J\\Work\\Repo\\Personal Project\\ecommerce\\backend\\src\\controllers\\products.controller.js","statementMap":{"0":{"start":{"line":14,"column":30},"end":{"line":21,"column":1}},"1":{"start":{"line":15,"column":2},"end":{"line":20,"column":3}},"2":{"start":{"line":16,"column":21},"end":{"line":16,"column":47}},"3":{"start":{"line":17,"column":4},"end":{"line":17,"column":35}},"4":{"start":{"line":19,"column":4},"end":{"line":19,"column":16}},"5":{"start":{"line":23,"column":26},"end":{"line":34,"column":1}},"6":{"start":{"line":24,"column":2},"end":{"line":33,"column":3}},"7":{"start":{"line":25,"column":20},"end":{"line":25,"column":65}},"8":{"start":{"line":26,"column":4},"end":{"line":30,"column":5}},"9":{"start":{"line":27,"column":6},"end":{"line":27,"column":36}},"10":{"start":{"line":29,"column":6},"end":{"line":29,"column":61}},"11":{"start":{"line":32,"column":4},"end":{"line":32,"column":16}},"12":{"start":{"line":36,"column":36},"end":{"line":52,"column":1}},"13":{"start":{"line":37,"column":2},"end":{"line":51,"column":3}},"14":{"start":{"line":38,"column":23},"end":{"line":38,"column":54}},"15":{"start":{"line":39,"column":4},"end":{"line":41,"column":5}},"16":{"start":{"line":40,"column":6},"end":{"line":40,"column":70}},"17":{"start":{"line":43,"column":20},"end":{"line":43,"column":60}},"18":{"start":{"line":44,"column":4},"end":{"line":48,"column":5}},"19":{"start":{"line":45,"column":6},"end":{"line":45,"column":36}},"20":{"start":{"line":47,"column":6},"end":{"line":47,"column":87}},"21":{"start":{"line":50,"column":4},"end":{"line":50,"column":16}},"22":{"start":{"line":54,"column":38},"end":{"line":70,"column":1}},"23":{"start":{"line":55,"column":2},"end":{"line":69,"column":3}},"24":{"start":{"line":56,"column":25},"end":{"line":56,"column":58}},"25":{"start":{"line":57,"column":4},"end":{"line":59,"column":5}},"26":{"start":{"line":58,"column":6},"end":{"line":58,"column":72}},"27":{"start":{"line":61,"column":20},"end":{"line":61,"column":64}},"28":{"start":{"line":62,"column":4},"end":{"line":66,"column":5}},"29":{"start":{"line":63,"column":6},"end":{"line":63,"column":36}},"30":{"start":{"line":65,"column":6},"end":{"line":65,"column":89}},"31":{"start":{"line":68,"column":4},"end":{"line":68,"column":16}},"32":{"start":{"line":72,"column":32},"end":{"line":81,"column":3}},"33":{"start":{"line":73,"column":4},"end":{"line":80,"column":5}},"34":{"start":{"line":74,"column":22},"end":{"line":74,"column":30}},"35":{"start":{"line":75,"column":25},"end":{"line":75,"column":53}},"36":{"start":{"line":77,"column":6},"end":{"line":77,"column":39}},"37":{"start":{"line":79,"column":6},"end":{"line":79,"column":18}},"38":{"start":{"line":83,"column":37},"end":{"line":97,"column":3}},"39":{"start":{"line":84,"column":4},"end":{"line":96,"column":5}},"40":{"start":{"line":85,"column":23},"end":{"line":85,"column":31}},"41":{"start":{"line":88,"column":30},"end":{"line":88,"column":64}},"42":{"start":{"line":91,"column":6},"end":{"line":91,"column":44}},"43":{"start":{"line":94,"column":6},"end":{"line":94,"column":60}},"44":{"start":{"line":95,"column":6},"end":{"line":95,"column":53}},"45":{"start":{"line":99,"column":37},"end":{"line":113,"column":1}},"46":{"start":{"line":100,"column":4},"end":{"line":112,"column":5}},"47":{"start":{"line":101,"column":29},"end":{"line":101,"column":37}},"48":{"start":{"line":102,"column":32},"end":{"line":102,"column":34}},"49":{"start":{"line":104,"column":8},"end":{"line":107,"column":9}},"50":{"start":{"line":105,"column":31},"end":{"line":105,"column":56}},"51":{"start":{"line":106,"column":12},"end":{"line":106,"column":45}},"52":{"start":{"line":109,"column":8},"end":{"line":109,"column":46}},"53":{"start":{"line":111,"column":8},"end":{"line":111,"column":20}},"54":{"start":{"line":117,"column":39},"end":{"line":142,"column":3}},"55":{"start":{"line":118,"column":4},"end":{"line":141,"column":5}},"56":{"start":{"line":119,"column":20},"end":{"line":119,"column":28}},"57":{"start":{"line":120,"column":26},"end":{"line":120,"column":41}},"58":{"start":{"line":121,"column":32},"end":{"line":121,"column":42}},"59":{"start":{"line":124,"column":6},"end":{"line":126,"column":7}},"60":{"start":{"line":125,"column":8},"end":{"line":125,"column":44}},"61":{"start":{"line":128,"column":29},"end":{"line":128,"column":80}},"62":{"start":{"line":130,"column":6},"end":{"line":130,"column":62}},"63":{"start":{"line":132,"column":6},"end":{"line":136,"column":7}},"64":{"start":{"line":133,"column":8},"end":{"line":133,"column":45}},"65":{"start":{"line":135,"column":8},"end":{"line":135,"column":63}},"66":{"start":{"line":138,"column":6},"end":{"line":138,"column":54}},"67":{"start":{"line":139,"column":6},"end":{"line":139,"column":18}},"68":{"start":{"line":144,"column":37},"end":{"line":153,"column":3}},"69":{"start":{"line":145,"column":4},"end":{"line":152,"column":5}},"70":{"start":{"line":146,"column":6},"end":{"line":151,"column":7}},"71":{"start":{"line":147,"column":31},"end":{"line":147,"column":71}},"72":{"start":{"line":148,"column":8},"end":{"line":148,"column":78}},"73":{"start":{"line":150,"column":8},"end":{"line":150,"column":80}},"74":{"start":{"line":155,"column":29},"end":{"line":173,"column":3}},"75":{"start":{"line":156,"column":4},"end":{"line":172,"column":5}},"76":{"start":{"line":157,"column":24},"end":{"line":157,"column":47}},"77":{"start":{"line":159,"column":6},"end":{"line":161,"column":7}},"78":{"start":{"line":160,"column":8},"end":{"line":160,"column":71}},"79":{"start":{"line":163,"column":34},"end":{"line":163,"column":64}},"80":{"start":{"line":165,"column":6},"end":{"line":167,"column":7}},"81":{"start":{"line":166,"column":8},"end":{"line":166,"column":70}},"82":{"start":{"line":169,"column":6},"end":{"line":169,"column":28}},"83":{"start":{"line":171,"column":6},"end":{"line":171,"column":18}},"84":{"start":{"line":175,"column":35},"end":{"line":182,"column":3}},"85":{"start":{"line":176,"column":4},"end":{"line":181,"column":5}},"86":{"start":{"line":177,"column":6},"end":{"line":177,"column":32}},"87":{"start":{"line":178,"column":6},"end":{"line":178,"column":28}},"88":{"start":{"line":180,"column":6},"end":{"line":180,"column":18}},"89":{"start":{"line":185,"column":47},"end":{"line":204,"column":3}},"90":{"start":{"line":186,"column":4},"end":{"line":203,"column":5}},"91":{"start":{"line":187,"column":23},"end":{"line":187,"column":32}},"92":{"start":{"line":188,"column":6},"end":{"line":188,"column":32}},"93":{"start":{"line":189,"column":6},"end":{"line":191,"column":7}},"94":{"start":{"line":190,"column":8},"end":{"line":190,"column":76}},"95":{"start":{"line":194,"column":23},"end":{"line":194,"column":54}},"96":{"start":{"line":196,"column":6},"end":{"line":200,"column":7}},"97":{"start":{"line":197,"column":8},"end":{"line":197,"column":39}},"98":{"start":{"line":199,"column":8},"end":{"line":199,"column":63}},"99":{"start":{"line":202,"column":6},"end":{"line":202,"column":18}}},"fnMap":{"0":{"name":"(anonymous_0)","decl":{"start":{"line":14,"column":30},"end":{"line":14,"column":31}},"loc":{"start":{"line":14,"column":56},"end":{"line":21,"column":1}},"line":14},"1":{"name":"(anonymous_1)","decl":{"start":{"line":23,"column":26},"end":{"line":23,"column":27}},"loc":{"start":{"line":23,"column":52},"end":{"line":34,"column":1}},"line":23},"2":{"name":"(anonymous_2)","decl":{"start":{"line":36,"column":36},"end":{"line":36,"column":37}},"loc":{"start":{"line":36,"column":62},"end":{"line":52,"column":1}},"line":36},"3":{"name":"(anonymous_3)","decl":{"start":{"line":54,"column":38},"end":{"line":54,"column":39}},"loc":{"start":{"line":54,"column":64},"end":{"line":70,"column":1}},"line":54},"4":{"name":"(anonymous_4)","decl":{"start":{"line":72,"column":32},"end":{"line":72,"column":33}},"loc":{"start":{"line":72,"column":58},"end":{"line":81,"column":3}},"line":72},"5":{"name":"(anonymous_5)","decl":{"start":{"line":83,"column":37},"end":{"line":83,"column":38}},"loc":{"start":{"line":83,"column":63},"end":{"line":97,"column":3}},"line":83},"6":{"name":"(anonymous_6)","decl":{"start":{"line":99,"column":37},"end":{"line":99,"column":38}},"loc":{"start":{"line":99,"column":63},"end":{"line":113,"column":1}},"line":99},"7":{"name":"(anonymous_7)","decl":{"start":{"line":117,"column":39},"end":{"line":117,"column":40}},"loc":{"start":{"line":117,"column":65},"end":{"line":142,"column":3}},"line":117},"8":{"name":"(anonymous_8)","decl":{"start":{"line":144,"column":37},"end":{"line":144,"column":38}},"loc":{"start":{"line":144,"column":57},"end":{"line":153,"column":3}},"line":144},"9":{"name":"(anonymous_9)","decl":{"start":{"line":155,"column":29},"end":{"line":155,"column":30}},"loc":{"start":{"line":155,"column":55},"end":{"line":173,"column":3}},"line":155},"10":{"name":"(anonymous_10)","decl":{"start":{"line":175,"column":35},"end":{"line":175,"column":36}},"loc":{"start":{"line":175,"column":61},"end":{"line":182,"column":3}},"line":175},"11":{"name":"(anonymous_11)","decl":{"start":{"line":185,"column":47},"end":{"line":185,"column":48}},"loc":{"start":{"line":185,"column":73},"end":{"line":204,"column":3}},"line":185}},"branchMap":{"0":{"loc":{"start":{"line":26,"column":4},"end":{"line":30,"column":5}},"type":"if","locations":[{"start":{"line":26,"column":4},"end":{"line":30,"column":5}},{"start":{"line":28,"column":11},"end":{"line":30,"column":5}}],"line":26},"1":{"loc":{"start":{"line":39,"column":4},"end":{"line":41,"column":5}},"type":"if","locations":[{"start":{"line":39,"column":4},"end":{"line":41,"column":5}},{"start":{},"end":{}}],"line":39},"2":{"loc":{"start":{"line":44,"column":4},"end":{"line":48,"column":5}},"type":"if","locations":[{"start":{"line":44,"column":4},"end":{"line":48,"column":5}},{"start":{"line":46,"column":11},"end":{"line":48,"column":5}}],"line":44},"3":{"loc":{"start":{"line":57,"column":4},"end":{"line":59,"column":5}},"type":"if","locations":[{"start":{"line":57,"column":4},"end":{"line":59,"column":5}},{"start":{},"end":{}}],"line":57},"4":{"loc":{"start":{"line":62,"column":4},"end":{"line":66,"column":5}},"type":"if","locations":[{"start":{"line":62,"column":4},"end":{"line":66,"column":5}},{"start":{"line":64,"column":11},"end":{"line":66,"column":5}}],"line":62},"5":{"loc":{"start":{"line":124,"column":6},"end":{"line":126,"column":7}},"type":"if","locations":[{"start":{"line":124,"column":6},"end":{"line":126,"column":7}},{"start":{},"end":{}}],"line":124},"6":{"loc":{"start":{"line":132,"column":6},"end":{"line":136,"column":7}},"type":"if","locations":[{"start":{"line":132,"column":6},"end":{"line":136,"column":7}},{"start":{"line":134,"column":13},"end":{"line":136,"column":7}}],"line":132},"7":{"loc":{"start":{"line":159,"column":6},"end":{"line":161,"column":7}},"type":"if","locations":[{"start":{"line":159,"column":6},"end":{"line":161,"column":7}},{"start":{},"end":{}}],"line":159},"8":{"loc":{"start":{"line":165,"column":6},"end":{"line":167,"column":7}},"type":"if","locations":[{"start":{"line":165,"column":6},"end":{"line":167,"column":7}},{"start":{},"end":{}}],"line":165},"9":{"loc":{"start":{"line":189,"column":6},"end":{"line":191,"column":7}},"type":"if","locations":[{"start":{"line":189,"column":6},"end":{"line":191,"column":7}},{"start":{},"end":{}}],"line":189},"10":{"loc":{"start":{"line":196,"column":6},"end":{"line":200,"column":7}},"type":"if","locations":[{"start":{"line":196,"column":6},"end":{"line":200,"column":7}},{"start":{"line":198,"column":13},"end":{"line":200,"column":7}}],"line":196}},"s":{"0":1,"1":0,"2":0,"3":0,"4":0,"5":1,"6":0,"7":0,"8":0,"9":0,"10":0,"11":0,"12":1,"13":0,"14":0,"15":0,"16":0,"17":0,"18":0,"19":0,"20":0,"21":0,"22":1,"23":0,"24":0,"25":0,"26":0,"27":0,"28":0,"29":0,"30":0,"31":0,"32":1,"33":0,"34":0,"35":0,"36":0,"37":0,"38":1,"39":0,"40":0,"41":0,"42":0,"43":0,"44":0,"45":1,"46":0,"47":0,"48":0,"49":0,"50":0,"51":0,"52":0,"53":0,"54":1,"55":0,"56":0,"57":0,"58":0,"59":0,"60":0,"61":0,"62":0,"63":0,"64":0,"65":0,"66":0,"67":0,"68":1,"69":0,"70":0,"71":0,"72":0,"73":0,"74":1,"75":0,"76":0,"77":0,"78":0,"79":0,"80":0,"81":0,"82":0,"83":0,"84":1,"85":0,"86":0,"87":0,"88":0,"89":1,"90":0,"91":0,"92":0,"93":0,"94":0,"95":0,"96":0,"97":0,"98":0,"99":0},"f":{"0":0,"1":0,"2":0,"3":0,"4":0,"5":0,"6":0,"7":0,"8":0,"9":0,"10":0,"11":0},"b":{"0":[0,0],"1":[0,0],"2":[0,0],"3":[0,0],"4":[0,0],"5":[0,0],"6":[0,0],"7":[0,0],"8":[0,0],"9":[0,0],"10":[0,0]},"inputSourceMap":null,"_coverageSchema":"1a1c01bbd47fc00a2c39e90264f33305004495a9","hash":"d544128b35309878b0c312a4bb86e5f90d093034"}
,"C:\\Users\\Bagance.DESKTOP-CTTOA7J\\Work\\Repo\\Personal Project\\ecommerce\\backend\\src\\controllers\\users.controller.js": {"path":"C:\\Users\\Bagance.DESKTOP-CTTOA7J\\Work\\Repo\\Personal Project\\ecommerce\\backend\\src\\controllers\\users.controller.js","statementMap":{"0":{"start":{"line":4,"column":27},"end":{"line":11,"column":1}},"1":{"start":{"line":5,"column":2},"end":{"line":10,"column":3}},"2":{"start":{"line":6,"column":18},"end":{"line":6,"column":34}},"3":{"start":{"line":7,"column":4},"end":{"line":7,"column":32}},"4":{"start":{"line":9,"column":4},"end":{"line":9,"column":16}},"5":{"start":{"line":13,"column":23},"end":{"line":24,"column":1}},"6":{"start":{"line":14,"column":2},"end":{"line":23,"column":3}},"7":{"start":{"line":15,"column":17},"end":{"line":15,"column":60}},"8":{"start":{"line":16,"column":4},"end":{"line":20,"column":5}},"9":{"start":{"line":17,"column":6},"end":{"line":17,"column":33}},"10":{"start":{"line":19,"column":6},"end":{"line":19,"column":58}},"11":{"start":{"line":22,"column":4},"end":{"line":22,"column":16}},"12":{"start":{"line":26,"column":29},"end":{"line":45,"column":1}},"13":{"start":{"line":27,"column":2},"end":{"line":44,"column":3}},"14":{"start":{"line":29,"column":18},"end":{"line":29,"column":26}},"15":{"start":{"line":30,"column":37},"end":{"line":30,"column":45}},"16":{"start":{"line":31,"column":21},"end":{"line":35,"column":5}},"17":{"start":{"line":38,"column":4},"end":{"line":38,"column":69}},"18":{"start":{"line":40,"column":20},"end":{"line":40,"column":46}},"19":{"start":{"line":41,"column":4},"end":{"line":41,"column":34}},"20":{"start":{"line":43,"column":4},"end":{"line":43,"column":16}},"21":{"start":{"line":47,"column":34},"end":{"line":65,"column":1}},"22":{"start":{"line":48,"column":2},"end":{"line":64,"column":3}},"23":{"start":{"line":49,"column":18},"end":{"line":49,"column":26}},"24":{"start":{"line":50,"column":21},"end":{"line":53,"column":5}},"25":{"start":{"line":55,"column":24},"end":{"line":55,"column":75}},"26":{"start":{"line":57,"column":4},"end":{"line":61,"column":5}},"27":{"start":{"line":58,"column":6},"end":{"line":58,"column":40}},"28":{"start":{"line":60,"column":6},"end":{"line":60,"column":58}},"29":{"start":{"line":63,"column":4},"end":{"line":63,"column":16}},"30":{"start":{"line":67,"column":26},"end":{"line":85,"column":1}},"31":{"start":{"line":68,"column":2},"end":{"line":84,"column":3}},"32":{"start":{"line":69,"column":19},"end":{"line":69,"column":42}},"33":{"start":{"line":71,"column":4},"end":{"line":73,"column":5}},"34":{"start":{"line":72,"column":6},"end":{"line":72,"column":66}},"35":{"start":{"line":75,"column":29},"end":{"line":75,"column":53}},"36":{"start":{"line":77,"column":4},"end":{"line":79,"column":5}},"37":{"start":{"line":78,"column":6},"end":{"line":78,"column":65}},"38":{"start":{"line":81,"column":4},"end":{"line":81,"column":26}},"39":{"start":{"line":83,"column":4},"end":{"line":83,"column":16}}},"fnMap":{"0":{"name":"(anonymous_0)","decl":{"start":{"line":4,"column":27},"end":{"line":4,"column":28}},"loc":{"start":{"line":4,"column":53},"end":{"line":11,"column":1}},"line":4},"1":{"name":"(anonymous_1)","decl":{"start":{"line":13,"column":23},"end":{"line":13,"column":24}},"loc":{"start":{"line":13,"column":49},"end":{"line":24,"column":1}},"line":13},"2":{"name":"(anonymous_2)","decl":{"start":{"line":26,"column":29},"end":{"line":26,"column":30}},"loc":{"start":{"line":26,"column":55},"end":{"line":45,"column":1}},"line":26},"3":{"name":"(anonymous_3)","decl":{"start":{"line":47,"column":34},"end":{"line":47,"column":35}},"loc":{"start":{"line":47,"column":60},"end":{"line":65,"column":1}},"line":47},"4":{"name":"(anonymous_4)","decl":{"start":{"line":67,"column":26},"end":{"line":67,"column":27}},"loc":{"start":{"line":67,"column":52},"end":{"line":85,"column":1}},"line":67}},"branchMap":{"0":{"loc":{"start":{"line":16,"column":4},"end":{"line":20,"column":5}},"type":"if","locations":[{"start":{"line":16,"column":4},"end":{"line":20,"column":5}},{"start":{"line":18,"column":11},"end":{"line":20,"column":5}}],"line":16},"1":{"loc":{"start":{"line":33,"column":18},"end":{"line":33,"column":43}},"type":"cond-expr","locations":[{"start":{"line":33,"column":26},"end":{"line":33,"column":36}},{"start":{"line":33,"column":39},"end":{"line":33,"column":43}}],"line":33},"2":{"loc":{"start":{"line":34,"column":20},"end":{"line":34,"column":40}},"type":"cond-expr","locations":[{"start":{"line":34,"column":28},"end":{"line":34,"column":33}},{"start":{"line":34,"column":36},"end":{"line":34,"column":40}}],"line":34},"3":{"loc":{"start":{"line":52,"column":18},"end":{"line":52,"column":66}},"type":"cond-expr","locations":[{"start":{"line":52,"column":26},"end":{"line":52,"column":36}},{"start":{"line":52,"column":39},"end":{"line":52,"column":66}}],"line":52},"4":{"loc":{"start":{"line":52,"column":39},"end":{"line":52,"column":66}},"type":"binary-expr","locations":[{"start":{"line":52,"column":39},"end":{"line":52,"column":58}},{"start":{"line":52,"column":62},"end":{"line":52,"column":66}}],"line":52},"5":{"loc":{"start":{"line":57,"column":4},"end":{"line":61,"column":5}},"type":"if","locations":[{"start":{"line":57,"column":4},"end":{"line":61,"column":5}},{"start":{"line":59,"column":11},"end":{"line":61,"column":5}}],"line":57},"6":{"loc":{"start":{"line":71,"column":4},"end":{"line":73,"column":5}},"type":"if","locations":[{"start":{"line":71,"column":4},"end":{"line":73,"column":5}},{"start":{},"end":{}}],"line":71},"7":{"loc":{"start":{"line":77,"column":4},"end":{"line":79,"column":5}},"type":"if","locations":[{"start":{"line":77,"column":4},"end":{"line":79,"column":5}},{"start":{},"end":{}}],"line":77}},"s":{"0":1,"1":0,"2":0,"3":0,"4":0,"5":1,"6":0,"7":0,"8":0,"9":0,"10":0,"11":0,"12":1,"13":0,"14":0,"15":0,"16":0,"17":0,"18":0,"19":0,"20":0,"21":1,"22":0,"23":0,"24":0,"25":0,"26":0,"27":0,"28":0,"29":0,"30":1,"31":0,"32":0,"33":0,"34":0,"35":0,"36":0,"37":0,"38":0,"39":0},"f":{"0":0,"1":0,"2":0,"3":0,"4":0},"b":{"0":[0,0],"1":[0,0],"2":[0,0],"3":[0,0],"4":[0,0],"5":[0,0],"6":[0,0],"7":[0,0]},"inputSourceMap":null,"_coverageSchema":"1a1c01bbd47fc00a2c39e90264f33305004495a9","hash":"bd0cee72a19bdcd6c49e8b71d397a5520ec0c7f3"}
,"C:\\Users\\Bagance.DESKTOP-CTTOA7J\\Work\\Repo\\Personal Project\\ecommerce\\backend\\src\\middlewares\\auth.middleware.js": {"path":"C:\\Users\\Bagance.DESKTOP-CTTOA7J\\Work\\Repo\\Personal Project\\ecommerce\\backend\\src\\middlewares\\auth.middleware.js","statementMap":{"0":{"start":{"line":3,"column":33},"end":{"line":17,"column":1}},"1":{"start":{"line":4,"column":16},"end":{"line":4,"column":33}},"2":{"start":{"line":6,"column":2},"end":{"line":8,"column":3}},"3":{"start":{"line":7,"column":4},"end":{"line":7,"column":82}},"4":{"start":{"line":10,"column":2},"end":{"line":16,"column":3}},"5":{"start":{"line":11,"column":20},"end":{"line":11,"column":65}},"6":{"start":{"line":12,"column":4},"end":{"line":12,"column":23}},"7":{"start":{"line":13,"column":4},"end":{"line":13,"column":11}},"8":{"start":{"line":15,"column":4},"end":{"line":15,"column":55}}},"fnMap":{"0":{"name":"(anonymous_0)","decl":{"start":{"line":3,"column":33},"end":{"line":3,"column":34}},"loc":{"start":{"line":3,"column":53},"end":{"line":17,"column":1}},"line":3}},"branchMap":{"0":{"loc":{"start":{"line":6,"column":2},"end":{"line":8,"column":3}},"type":"if","locations":[{"start":{"line":6,"column":2},"end":{"line":8,"column":3}},{"start":{},"end":{}}],"line":6}},"s":{"0":0,"1":0,"2":0,"3":0,"4":0,"5":0,"6":0,"7":0,"8":0},"f":{"0":0},"b":{"0":[0,0]},"inputSourceMap":null}
,"C:\\Users\\Bagance.DESKTOP-CTTOA7J\\Work\\Repo\\Personal Project\\ecommerce\\backend\\src\\middlewares\\error.middleware.js": {"path":"C:\\Users\\Bagance.DESKTOP-CTTOA7J\\Work\\Repo\\Personal Project\\ecommerce\\backend\\src\\middlewares\\error.middleware.js","statementMap":{"0":{"start":{"line":1,"column":17},"end":{"line":5,"column":1}},"1":{"start":{"line":2,"column":16},"end":{"line":2,"column":60}},"2":{"start":{"line":3,"column":2},"end":{"line":3,"column":18}},"3":{"start":{"line":4,"column":2},"end":{"line":4,"column":14}},"4":{"start":{"line":7,"column":21},"end":{"line":14,"column":1}},"5":{"start":{"line":8,"column":21},"end":{"line":8,"column":66}},"6":{"start":{"line":9,"column":2},"end":{"line":9,"column":25}},"7":{"start":{"line":10,"column":2},"end":{"line":13,"column":5}}},"fnMap":{"0":{"name":"(anonymous_0)","decl":{"start":{"line":1,"column":17},"end":{"line":1,"column":18}},"loc":{"start":{"line":1,"column":37},"end":{"line":5,"column":1}},"line":1},"1":{"name":"(anonymous_1)","decl":{"start":{"line":7,"column":21},"end":{"line":7,"column":22}},"loc":{"start":{"line":7,"column":46},"end":{"line":14,"column":1}},"line":7}},"branchMap":{"0":{"loc":{"start":{"line":8,"column":21},"end":{"line":8,"column":66}},"type":"cond-expr","locations":[{"start":{"line":8,"column":46},"end":{"line":8,"column":49}},{"start":{"line":8,"column":52},"end":{"line":8,"column":66}}],"line":8}},"s":{"0":1,"1":0,"2":0,"3":0,"4":1,"5":0,"6":0,"7":0},"f":{"0":0,"1":0},"b":{"0":[0,0]},"inputSourceMap":null,"_coverageSchema":"1a1c01bbd47fc00a2c39e90264f33305004495a9","hash":"de9d317a16f98c9dda88d0bc686213733ba7b2db"}
,"C:\\Users\\Bagance.DESKTOP-CTTOA7J\\Work\\Repo\\Personal Project\\ecommerce\\backend\\src\\models\\categories.js": {"path":"C:\\Users\\Bagance.DESKTOP-CTTOA7J\\Work\\Repo\\Personal Project\\ecommerce\\backend\\src\\models\\categories.js","statementMap":{"0":{"start":{"line":4,"column":29},"end":{"line":7,"column":1}},"1":{"start":{"line":5,"column":19},"end":{"line":5,"column":63}},"2":{"start":{"line":6,"column":2},"end":{"line":6,"column":14}},"3":{"start":{"line":9,"column":31},"end":{"line":12,"column":1}},"4":{"start":{"line":10,"column":19},"end":{"line":10,"column":83}},"5":{"start":{"line":11,"column":2},"end":{"line":11,"column":38}},"6":{"start":{"line":14,"column":30},"end":{"line":31,"column":3}},"7":{"start":{"line":20,"column":8},"end":{"line":20,"column":16}},"8":{"start":{"line":22,"column":21},"end":{"line":28,"column":5}},"9":{"start":{"line":30,"column":4},"end":{"line":30,"column":19}},"10":{"start":{"line":33,"column":32},"end":{"line":64,"column":3}},"11":{"start":{"line":35,"column":4},"end":{"line":35,"column":35}},"12":{"start":{"line":36,"column":35},"end":{"line":36,"column":99}},"13":{"start":{"line":39,"column":4},"end":{"line":41,"column":5}},"14":{"start":{"line":40,"column":6},"end":{"line":40,"column":18}},"15":{"start":{"line":43,"column":29},"end":{"line":43,"column":44}},"16":{"start":{"line":46,"column":28},"end":{"line":50,"column":5}},"17":{"start":{"line":53,"column":34},"end":{"line":61,"column":5}},"18":{"start":{"line":63,"column":4},"end":{"line":63,"column":54}},"19":{"start":{"line":66,"column":30},"end":{"line":69,"column":1}},"20":{"start":{"line":67,"column":17},"end":{"line":67,"column":79}},"21":{"start":{"line":68,"column":2},"end":{"line":68,"column":25}},"22":{"start":{"line":71,"column":35},"end":{"line":73,"column":1}},"23":{"start":{"line":72,"column":2},"end":{"line":72,"column":45}}},"fnMap":{"0":{"name":"(anonymous_0)","decl":{"start":{"line":4,"column":29},"end":{"line":4,"column":30}},"loc":{"start":{"line":4,"column":41},"end":{"line":7,"column":1}},"line":4},"1":{"name":"(anonymous_1)","decl":{"start":{"line":9,"column":31},"end":{"line":9,"column":32}},"loc":{"start":{"line":9,"column":45},"end":{"line":12,"column":1}},"line":9},"2":{"name":"(anonymous_2)","decl":{"start":{"line":14,"column":30},"end":{"line":14,"column":31}},"loc":{"start":{"line":14,"column":50},"end":{"line":31,"column":3}},"line":14},"3":{"name":"(anonymous_3)","decl":{"start":{"line":33,"column":32},"end":{"line":33,"column":33}},"loc":{"start":{"line":33,"column":56},"end":{"line":64,"column":3}},"line":33},"4":{"name":"(anonymous_4)","decl":{"start":{"line":66,"column":30},"end":{"line":66,"column":31}},"loc":{"start":{"line":66,"column":44},"end":{"line":69,"column":1}},"line":66},"5":{"name":"(anonymous_5)","decl":{"start":{"line":71,"column":35},"end":{"line":71,"column":36}},"loc":{"start":{"line":71,"column":47},"end":{"line":73,"column":1}},"line":71}},"branchMap":{"0":{"loc":{"start":{"line":11,"column":9},"end":{"line":11,"column":37}},"type":"cond-expr","locations":[{"start":{"line":11,"column":23},"end":{"line":11,"column":30}},{"start":{"line":11,"column":33},"end":{"line":11,"column":37}}],"line":11},"1":{"loc":{"start":{"line":17,"column":6},"end":{"line":17,"column":15}},"type":"default-arg","locations":[{"start":{"line":17,"column":13},"end":{"line":17,"column":15}}],"line":17},"2":{"loc":{"start":{"line":18,"column":6},"end":{"line":18,"column":22}},"type":"default-arg","locations":[{"start":{"line":18,"column":20},"end":{"line":18,"column":22}}],"line":18},"3":{"loc":{"start":{"line":19,"column":6},"end":{"line":19,"column":21}},"type":"default-arg","locations":[{"start":{"line":19,"column":19},"end":{"line":19,"column":21}}],"line":19},"4":{"loc":{"start":{"line":39,"column":4},"end":{"line":41,"column":5}},"type":"if","locations":[{"start":{"line":39,"column":4},"end":{"line":41,"column":5}},{"start":{},"end":{}}],"line":39},"5":{"loc":{"start":{"line":49,"column":18},"end":{"line":49,"column":89}},"type":"cond-expr","locations":[{"start":{"line":49,"column":40},"end":{"line":49,"column":59}},{"start":{"line":49,"column":62},"end":{"line":49,"column":89}}],"line":49},"6":{"loc":{"start":{"line":63,"column":11},"end":{"line":63,"column":53}},"type":"cond-expr","locations":[{"start":{"line":63,"column":32},"end":{"line":63,"column":46}},{"start":{"line":63,"column":49},"end":{"line":63,"column":53}}],"line":63}},"s":{"0":1,"1":0,"2":0,"3":1,"4":0,"5":0,"6":1,"7":0,"8":0,"9":0,"10":1,"11":0,"12":0,"13":0,"14":0,"15":0,"16":0,"17":0,"18":0,"19":1,"20":0,"21":0,"22":1,"23":0},"f":{"0":0,"1":0,"2":0,"3":0,"4":0,"5":0},"b":{"0":[0,0],"1":[0],"2":[0],"3":[0],"4":[0,0],"5":[0,0],"6":[0,0]},"inputSourceMap":null,"_coverageSchema":"1a1c01bbd47fc00a2c39e90264f33305004495a9","hash":"6fc2cd6f10288bdcf20b298a746209cad400327e"}
,"C:\\Users\\Bagance.DESKTOP-CTTOA7J\\Work\\Repo\\Personal Project\\ecommerce\\backend\\src\\models\\cities.js": {"path":"C:\\Users\\Bagance.DESKTOP-CTTOA7J\\Work\\Repo\\Personal Project\\ecommerce\\backend\\src\\models\\cities.js","statementMap":{"0":{"start":{"line":5,"column":26},"end":{"line":29,"column":3}},"1":{"start":{"line":13,"column":8},"end":{"line":13,"column":16}},"2":{"start":{"line":15,"column":18},"end":{"line":19,"column":5}},"3":{"start":{"line":21,"column":19},"end":{"line":21,"column":101}},"4":{"start":{"line":23,"column":4},"end":{"line":28,"column":5}},"5":{"start":{"line":24,"column":6},"end":{"line":24,"column":38}},"6":{"start":{"line":25,"column":6},"end":{"line":25,"column":44}},"7":{"start":{"line":27,"column":6},"end":{"line":27,"column":65}},"8":{"start":{"line":32,"column":34},"end":{"line":53,"column":1}},"9":{"start":{"line":33,"column":17},"end":{"line":33,"column":47}},"10":{"start":{"line":34,"column":14},"end":{"line":34,"column":55}},"11":{"start":{"line":36,"column":2},"end":{"line":52,"column":3}},"12":{"start":{"line":37,"column":21},"end":{"line":41,"column":6}},"13":{"start":{"line":43,"column":19},"end":{"line":43,"column":51}},"14":{"start":{"line":45,"column":4},"end":{"line":47,"column":5}},"15":{"start":{"line":46,"column":6},"end":{"line":46,"column":29}},"16":{"start":{"line":49,"column":4},"end":{"line":49,"column":52}},"17":{"start":{"line":51,"column":4},"end":{"line":51,"column":60}},"18":{"start":{"line":56,"column":28},"end":{"line":59,"column":1}},"19":{"start":{"line":57,"column":19},"end":{"line":57,"column":59}},"20":{"start":{"line":58,"column":2},"end":{"line":58,"column":14}},"21":{"start":{"line":61,"column":36},"end":{"line":76,"column":3}},"22":{"start":{"line":62,"column":4},"end":{"line":62,"column":34}},"23":{"start":{"line":63,"column":18},"end":{"line":67,"column":5}},"24":{"start":{"line":69,"column":4},"end":{"line":75,"column":5}},"25":{"start":{"line":70,"column":23},"end":{"line":70,"column":46}},"26":{"start":{"line":71,"column":6},"end":{"line":71,"column":18}},"27":{"start":{"line":73,"column":6},"end":{"line":73,"column":67}},"28":{"start":{"line":74,"column":6},"end":{"line":74,"column":18}},"29":{"start":{"line":79,"column":37},"end":{"line":94,"column":3}},"30":{"start":{"line":80,"column":18},"end":{"line":85,"column":5}},"31":{"start":{"line":87,"column":4},"end":{"line":93,"column":5}},"32":{"start":{"line":88,"column":23},"end":{"line":88,"column":60}},"33":{"start":{"line":89,"column":6},"end":{"line":89,"column":18}},"34":{"start":{"line":91,"column":6},"end":{"line":91,"column":70}},"35":{"start":{"line":92,"column":6},"end":{"line":92,"column":18}}},"fnMap":{"0":{"name":"(anonymous_0)","decl":{"start":{"line":5,"column":26},"end":{"line":5,"column":27}},"loc":{"start":{"line":5,"column":46},"end":{"line":29,"column":3}},"line":5},"1":{"name":"(anonymous_1)","decl":{"start":{"line":32,"column":34},"end":{"line":32,"column":35}},"loc":{"start":{"line":32,"column":46},"end":{"line":53,"column":1}},"line":32},"2":{"name":"(anonymous_2)","decl":{"start":{"line":56,"column":28},"end":{"line":56,"column":29}},"loc":{"start":{"line":56,"column":40},"end":{"line":59,"column":1}},"line":56},"3":{"name":"(anonymous_3)","decl":{"start":{"line":61,"column":36},"end":{"line":61,"column":37}},"loc":{"start":{"line":61,"column":48},"end":{"line":76,"column":3}},"line":61},"4":{"name":"(anonymous_4)","decl":{"start":{"line":79,"column":37},"end":{"line":79,"column":38}},"loc":{"start":{"line":79,"column":59},"end":{"line":94,"column":3}},"line":79}},"branchMap":{},"s":{"0":1,"1":0,"2":0,"3":0,"4":0,"5":0,"6":0,"7":0,"8":1,"9":0,"10":0,"11":0,"12":0,"13":0,"14":0,"15":0,"16":0,"17":0,"18":1,"19":0,"20":0,"21":1,"22":0,"23":0,"24":0,"25":0,"26":0,"27":0,"28":0,"29":1,"30":0,"31":0,"32":0,"33":0,"34":0,"35":0},"f":{"0":0,"1":0,"2":0,"3":0,"4":0},"b":{},"inputSourceMap":null,"_coverageSchema":"1a1c01bbd47fc00a2c39e90264f33305004495a9","hash":"26ef6ee05a11cba41b83f79ff27b16fef7a6268a"}
,"C:\\Users\\Bagance.DESKTOP-CTTOA7J\\Work\\Repo\\Personal Project\\ecommerce\\backend\\src\\models\\collections.js": {"path":"C:\\Users\\Bagance.DESKTOP-CTTOA7J\\Work\\Repo\\Personal Project\\ecommerce\\backend\\src\\models\\collections.js","statementMap":{"0":{"start":{"line":4,"column":30},"end":{"line":7,"column":1}},"1":{"start":{"line":5,"column":19},"end":{"line":5,"column":64}},"2":{"start":{"line":6,"column":2},"end":{"line":6,"column":14}},"3":{"start":{"line":9,"column":33},"end":{"line":12,"column":1}},"4":{"start":{"line":10,"column":19},"end":{"line":10,"column":84}},"5":{"start":{"line":11,"column":2},"end":{"line":11,"column":38}},"6":{"start":{"line":14,"column":32},"end":{"line":31,"column":3}},"7":{"start":{"line":20,"column":8},"end":{"line":20,"column":18}},"8":{"start":{"line":22,"column":21},"end":{"line":28,"column":5}},"9":{"start":{"line":30,"column":4},"end":{"line":30,"column":19}},"10":{"start":{"line":33,"column":34},"end":{"line":63,"column":3}},"11":{"start":{"line":35,"column":35},"end":{"line":35,"column":100}},"12":{"start":{"line":38,"column":4},"end":{"line":40,"column":5}},"13":{"start":{"line":39,"column":6},"end":{"line":39,"column":18}},"14":{"start":{"line":42,"column":31},"end":{"line":42,"column":46}},"15":{"start":{"line":45,"column":30},"end":{"line":49,"column":5}},"16":{"start":{"line":52,"column":34},"end":{"line":60,"column":5}},"17":{"start":{"line":62,"column":4},"end":{"line":62,"column":54}},"18":{"start":{"line":65,"column":32},"end":{"line":68,"column":1}},"19":{"start":{"line":66,"column":17},"end":{"line":66,"column":80}},"20":{"start":{"line":67,"column":2},"end":{"line":67,"column":25}}},"fnMap":{"0":{"name":"(anonymous_0)","decl":{"start":{"line":4,"column":30},"end":{"line":4,"column":31}},"loc":{"start":{"line":4,"column":42},"end":{"line":7,"column":1}},"line":4},"1":{"name":"(anonymous_1)","decl":{"start":{"line":9,"column":33},"end":{"line":9,"column":34}},"loc":{"start":{"line":9,"column":47},"end":{"line":12,"column":1}},"line":9},"2":{"name":"(anonymous_2)","decl":{"start":{"line":14,"column":32},"end":{"line":14,"column":33}},"loc":{"start":{"line":14,"column":54},"end":{"line":31,"column":3}},"line":14},"3":{"name":"(anonymous_3)","decl":{"start":{"line":33,"column":34},"end":{"line":33,"column":35}},"loc":{"start":{"line":33,"column":60},"end":{"line":63,"column":3}},"line":33},"4":{"name":"(anonymous_4)","decl":{"start":{"line":65,"column":32},"end":{"line":65,"column":33}},"loc":{"start":{"line":65,"column":46},"end":{"line":68,"column":1}},"line":65}},"branchMap":{"0":{"loc":{"start":{"line":11,"column":9},"end":{"line":11,"column":37}},"type":"cond-expr","locations":[{"start":{"line":11,"column":23},"end":{"line":11,"column":30}},{"start":{"line":11,"column":33},"end":{"line":11,"column":37}}],"line":11},"1":{"loc":{"start":{"line":17,"column":6},"end":{"line":17,"column":15}},"type":"default-arg","locations":[{"start":{"line":17,"column":13},"end":{"line":17,"column":15}}],"line":17},"2":{"loc":{"start":{"line":18,"column":6},"end":{"line":18,"column":22}},"type":"default-arg","locations":[{"start":{"line":18,"column":20},"end":{"line":18,"column":22}}],"line":18},"3":{"loc":{"start":{"line":19,"column":6},"end":{"line":19,"column":21}},"type":"default-arg","locations":[{"start":{"line":19,"column":19},"end":{"line":19,"column":21}}],"line":19},"4":{"loc":{"start":{"line":38,"column":4},"end":{"line":40,"column":5}},"type":"if","locations":[{"start":{"line":38,"column":4},"end":{"line":40,"column":5}},{"start":{},"end":{}}],"line":38},"5":{"loc":{"start":{"line":48,"column":18},"end":{"line":48,"column":95}},"type":"cond-expr","locations":[{"start":{"line":48,"column":42},"end":{"line":48,"column":63}},{"start":{"line":48,"column":66},"end":{"line":48,"column":95}}],"line":48},"6":{"loc":{"start":{"line":62,"column":11},"end":{"line":62,"column":53}},"type":"cond-expr","locations":[{"start":{"line":62,"column":32},"end":{"line":62,"column":46}},{"start":{"line":62,"column":49},"end":{"line":62,"column":53}}],"line":62}},"s":{"0":1,"1":0,"2":0,"3":1,"4":0,"5":0,"6":1,"7":0,"8":0,"9":0,"10":1,"11":0,"12":0,"13":0,"14":0,"15":0,"16":0,"17":0,"18":1,"19":0,"20":0},"f":{"0":0,"1":0,"2":0,"3":0,"4":0},"b":{"0":[0,0],"1":[0],"2":[0],"3":[0],"4":[0,0],"5":[0,0],"6":[0,0]},"inputSourceMap":null,"_coverageSchema":"1a1c01bbd47fc00a2c39e90264f33305004495a9","hash":"b7f7fe358732ac5dcaf914348cb1596d3716472b"}
,"C:\\Users\\Bagance.DESKTOP-CTTOA7J\\Work\\Repo\\Personal Project\\ecommerce\\backend\\src\\models\\orders.js": {"path":"C:\\Users\\Bagance.DESKTOP-CTTOA7J\\Work\\Repo\\Personal Project\\ecommerce\\backend\\src\\models\\orders.js","statementMap":{"0":{"start":{"line":4,"column":25},"end":{"line":7,"column":1}},"1":{"start":{"line":5,"column":19},"end":{"line":5,"column":197}},"2":{"start":{"line":6,"column":2},"end":{"line":6,"column":14}},"3":{"start":{"line":9,"column":28},"end":{"line":15,"column":1}},"4":{"start":{"line":10,"column":19},"end":{"line":13,"column":3}},"5":{"start":{"line":14,"column":2},"end":{"line":14,"column":38}},"6":{"start":{"line":17,"column":32},"end":{"line":23,"column":1}},"7":{"start":{"line":18,"column":19},"end":{"line":21,"column":3}},"8":{"start":{"line":22,"column":2},"end":{"line":22,"column":14}},"9":{"start":{"line":28,"column":27},"end":{"line":51,"column":3}},"10":{"start":{"line":38,"column":8},"end":{"line":38,"column":13}},"11":{"start":{"line":42,"column":21},"end":{"line":48,"column":5}},"12":{"start":{"line":50,"column":4},"end":{"line":50,"column":19}},"13":{"start":{"line":53,"column":27},"end":{"line":90,"column":3}},"14":{"start":{"line":55,"column":35},"end":{"line":58,"column":5}},"15":{"start":{"line":61,"column":4},"end":{"line":63,"column":5}},"16":{"start":{"line":62,"column":6},"end":{"line":62,"column":18}},"17":{"start":{"line":65,"column":26},"end":{"line":65,"column":41}},"18":{"start":{"line":66,"column":4},"end":{"line":66,"column":30}},"19":{"start":{"line":69,"column":25},"end":{"line":72,"column":5}},"20":{"start":{"line":75,"column":34},"end":{"line":87,"column":5}},"21":{"start":{"line":89,"column":4},"end":{"line":89,"column":54}},"22":{"start":{"line":92,"column":27},"end":{"line":95,"column":1}},"23":{"start":{"line":93,"column":17},"end":{"line":93,"column":75}},"24":{"start":{"line":94,"column":2},"end":{"line":94,"column":25}}},"fnMap":{"0":{"name":"(anonymous_0)","decl":{"start":{"line":4,"column":25},"end":{"line":4,"column":26}},"loc":{"start":{"line":4,"column":37},"end":{"line":7,"column":1}},"line":4},"1":{"name":"(anonymous_1)","decl":{"start":{"line":9,"column":28},"end":{"line":9,"column":29}},"loc":{"start":{"line":9,"column":55},"end":{"line":15,"column":1}},"line":9},"2":{"name":"(anonymous_2)","decl":{"start":{"line":17,"column":32},"end":{"line":17,"column":33}},"loc":{"start":{"line":17,"column":50},"end":{"line":23,"column":1}},"line":17},"3":{"name":"(anonymous_3)","decl":{"start":{"line":28,"column":27},"end":{"line":28,"column":28}},"loc":{"start":{"line":28,"column":44},"end":{"line":51,"column":3}},"line":28},"4":{"name":"(anonymous_4)","decl":{"start":{"line":53,"column":27},"end":{"line":53,"column":28}},"loc":{"start":{"line":53,"column":48},"end":{"line":90,"column":3}},"line":53},"5":{"name":"(anonymous_5)","decl":{"start":{"line":92,"column":27},"end":{"line":92,"column":28}},"loc":{"start":{"line":92,"column":41},"end":{"line":95,"column":1}},"line":92}},"branchMap":{"0":{"loc":{"start":{"line":14,"column":9},"end":{"line":14,"column":37}},"type":"cond-expr","locations":[{"start":{"line":14,"column":23},"end":{"line":14,"column":30}},{"start":{"line":14,"column":33},"end":{"line":14,"column":37}}],"line":14},"1":{"loc":{"start":{"line":31,"column":6},"end":{"line":31,"column":18}},"type":"default-arg","locations":[{"start":{"line":31,"column":16},"end":{"line":31,"column":18}}],"line":31},"2":{"loc":{"start":{"line":32,"column":6},"end":{"line":32,"column":21}},"type":"default-arg","locations":[{"start":{"line":32,"column":19},"end":{"line":32,"column":21}}],"line":32},"3":{"loc":{"start":{"line":33,"column":6},"end":{"line":33,"column":24}},"type":"default-arg","locations":[{"start":{"line":33,"column":22},"end":{"line":33,"column":24}}],"line":33},"4":{"loc":{"start":{"line":34,"column":6},"end":{"line":34,"column":26}},"type":"default-arg","locations":[{"start":{"line":34,"column":21},"end":{"line":34,"column":26}}],"line":34},"5":{"loc":{"start":{"line":35,"column":6},"end":{"line":35,"column":23}},"type":"default-arg","locations":[{"start":{"line":35,"column":21},"end":{"line":35,"column":23}}],"line":35},"6":{"loc":{"start":{"line":36,"column":6},"end":{"line":36,"column":19}},"type":"default-arg","locations":[{"start":{"line":36,"column":17},"end":{"line":36,"column":19}}],"line":36},"7":{"loc":{"start":{"line":37,"column":6},"end":{"line":37,"column":22}},"type":"default-arg","locations":[{"start":{"line":37,"column":21},"end":{"line":37,"column":22}}],"line":37},"8":{"loc":{"start":{"line":61,"column":4},"end":{"line":63,"column":5}},"type":"if","locations":[{"start":{"line":61,"column":4},"end":{"line":63,"column":5}},{"start":{},"end":{}}],"line":61},"9":{"loc":{"start":{"line":80,"column":8},"end":{"line":80,"column":109}},"type":"cond-expr","locations":[{"start":{"line":80,"column":37},"end":{"line":80,"column":79}},{"start":{"line":80,"column":82},"end":{"line":80,"column":109}}],"line":80},"10":{"loc":{"start":{"line":82,"column":8},"end":{"line":82,"column":106}},"type":"cond-expr","locations":[{"start":{"line":82,"column":36},"end":{"line":82,"column":77}},{"start":{"line":82,"column":80},"end":{"line":82,"column":106}}],"line":82},"11":{"loc":{"start":{"line":83,"column":8},"end":{"line":83,"column":94}},"type":"cond-expr","locations":[{"start":{"line":83,"column":32},"end":{"line":83,"column":69}},{"start":{"line":83,"column":72},"end":{"line":83,"column":94}}],"line":83},"12":{"loc":{"start":{"line":89,"column":11},"end":{"line":89,"column":53}},"type":"cond-expr","locations":[{"start":{"line":89,"column":32},"end":{"line":89,"column":46}},{"start":{"line":89,"column":49},"end":{"line":89,"column":53}}],"line":89}},"s":{"0":1,"1":1,"2":1,"3":1,"4":3,"5":3,"6":1,"7":1,"8":1,"9":1,"10":8,"11":8,"12":8,"13":1,"14":1,"15":1,"16":0,"17":1,"18":1,"19":1,"20":1,"21":1,"22":1,"23":9,"24":9},"f":{"0":1,"1":3,"2":1,"3":8,"4":1,"5":9},"b":{"0":[1,2],"1":[0],"2":[0],"3":[0],"4":[8],"5":[0],"6":[0],"7":[0],"8":[0,1],"9":[1,0],"10":[1,0],"11":[1,0],"12":[1,0]},"inputSourceMap":null,"_coverageSchema":"1a1c01bbd47fc00a2c39e90264f33305004495a9","hash":"86811d0dde41ea61b69f56b09a7ff196fad2b55b"}
,"C:\\Users\\Bagance.DESKTOP-CTTOA7J\\Work\\Repo\\Personal Project\\ecommerce\\backend\\src\\models\\products.js": {"path":"C:\\Users\\Bagance.DESKTOP-CTTOA7J\\Work\\Repo\\Personal Project\\ecommerce\\backend\\src\\models\\products.js","statementMap":{"0":{"start":{"line":4,"column":34},"end":{"line":7,"column":1}},"1":{"start":{"line":5,"column":19},"end":{"line":5,"column":61}},"2":{"start":{"line":6,"column":2},"end":{"line":6,"column":14}},"3":{"start":{"line":9,"column":30},"end":{"line":12,"column":1}},"4":{"start":{"line":10,"column":19},"end":{"line":10,"column":81}},"5":{"start":{"line":11,"column":2},"end":{"line":11,"column":38}},"6":{"start":{"line":14,"column":38},"end":{"line":17,"column":1}},"7":{"start":{"line":15,"column":19},"end":{"line":15,"column":98}},"8":{"start":{"line":16,"column":2},"end":{"line":16,"column":14}},"9":{"start":{"line":19,"column":40},"end":{"line":28,"column":1}},"10":{"start":{"line":20,"column":19},"end":{"line":26,"column":3}},"11":{"start":{"line":27,"column":2},"end":{"line":27,"column":14}},"12":{"start":{"line":30,"column":29},"end":{"line":55,"column":3}},"13":{"start":{"line":44,"column":8},"end":{"line":44,"column":15}},"14":{"start":{"line":46,"column":21},"end":{"line":52,"column":5}},"15":{"start":{"line":54,"column":4},"end":{"line":54,"column":19}},"16":{"start":{"line":57,"column":34},"end":{"line":112,"column":3}},"17":{"start":{"line":59,"column":4},"end":{"line":61,"column":5}},"18":{"start":{"line":60,"column":6},"end":{"line":60,"column":58}},"19":{"start":{"line":63,"column":29},"end":{"line":63,"column":31}},"20":{"start":{"line":66,"column":4},"end":{"line":109,"column":5}},"21":{"start":{"line":79,"column":10},"end":{"line":79,"column":17}},"22":{"start":{"line":81,"column":31},"end":{"line":81,"column":55}},"23":{"start":{"line":84,"column":21},"end":{"line":96,"column":7}},"24":{"start":{"line":99,"column":23},"end":{"line":105,"column":7}},"25":{"start":{"line":108,"column":6},"end":{"line":108,"column":37}},"26":{"start":{"line":111,"column":4},"end":{"line":111,"column":28}},"27":{"start":{"line":114,"column":31},"end":{"line":155,"col
[...]
:16},"end":{"line":73,"column":18}}],"line":73},"20":{"loc":{"start":{"line":74,"column":8},"end":{"line":74,"column":24}},"type":"default-arg","locations":[{"start":{"line":74,"column":22},"end":{"line":74,"column":24}}],"line":74},"21":{"loc":{"start":{"line":75,"column":8},"end":{"line":75,"column":20}},"type":"default-arg","locations":[{"start":{"line":75,"column":18},"end":{"line":75,"column":20}}],"line":75},"22":{"loc":{"start":{"line":76,"column":8},"end":{"line":76,"column":18}},"type":"default-arg","locations":[{"start":{"line":76,"column":17},"end":{"line":76,"column":18}}],"line":76},"23":{"loc":{"start":{"line":77,"column":8},"end":{"line":77,"column":23}},"type":"default-arg","locations":[{"start":{"line":77,"column":21},"end":{"line":77,"column":23}}],"line":77},"24":{"loc":{"start":{"line":78,"column":8},"end":{"line":78,"column":20}},"type":"default-arg","locations":[{"start":{"line":78,"column":19},"end":{"line":78,"column":20}}],"line":78},"25":{"loc":{"start":{"line":122,"column":4},"end":{"line":124,"column":5}},"type":"if","locations":[{"start":{"line":122,"column":4},"end":{"line":124,"column":5}},{"start":{},"end":{}}],"line":122},"26":{"loc":{"start":{"line":132,"column":18},"end":{"line":132,"column":86}},"type":"cond-expr","locations":[{"start":{"line":132,"column":39},"end":{"line":132,"column":57}},{"start":{"line":132,"column":60},"end":{"line":132,"column":86}}],"line":132},"27":{"loc":{"start":{"line":154,"column":11},"end":{"line":154,"column":53}},"type":"cond-expr","locations":[{"start":{"line":154,"column":32},"end":{"line":154,"column":46}},{"start":{"line":154,"column":49},"end":{"line":154,"column":53}}],"line":154}},"s":{"0":1,"1":0,"2":0,"3":1,"4":0,"5":0,"6":1,"7":0,"8":0,"9":1,"10":0,"11":0,"12":1,"13":0,"14":0,"15":0,"16":1,"17":0,"18":0,"19":0,"20":0,"21":0,"22":0,"23":0,"24":0,"25":0,"26":0,"27":1,"28":0,"29":0,"30":0,"31":0,"32":0,"33":0,"34":0,"35":1,"36":0,"37":0,"38":1,"39":0,"40":1,"41":0,"42":0,"43":0},"f":{"0":0,"1":0,"2":0,"3":0,"4":0,"5":0,"6":0,"7":0,"8":0,"9":0},"b":{"0":[0,0],"1":[0],"2":[0],"3":[0],"4":[0],"5":[0],"6":[0],"7":[0],"8":[0],"9":[0],"10":[0],"11":[0],"12":[0,0],"13":[0,0],"14":[0],"15":[0],"16":[0],"17":[0],"18":[0],"19":[0],"20":[0],"21":[0],"22":[0],"23":[0],"24":[0],"25":[0,0],"26":[0,0],"27":[0,0]},"inputSourceMap":null,"_coverageSchema":"1a1c01bbd47fc00a2c39e90264f33305004495a9","hash":"ff3bb5399e00a6ba09081c8d01e316909822d8b5"}
,"C:\\Users\\Bagance.DESKTOP-CTTOA7J\\Work\\Repo\\Personal Project\\ecommerce\\backend\\src\\models\\users.js": {"path":"C:\\Users\\Bagance.DESKTOP-CTTOA7J\\Work\\Repo\\Personal Project\\ecommerce\\backend\\src\\models\\users.js","statementMap":{"0":{"start":{"line":4,"column":24},"end":{"line":7,"column":1}},"1":{"start":{"line":5,"column":19},"end":{"line":5,"column":58}},"2":{"start":{"line":6,"column":2},"end":{"line":6,"column":14}},"3":{"start":{"line":9,"column":28},"end":{"line":12,"column":1}},"4":{"start":{"line":10,"column":19},"end":{"line":10,"column":78}},"5":{"start":{"line":11,"column":2},"end":{"line":11,"column":38}},"6":{"start":{"line":14,"column":33},"end":{"line":31,"column":1}},"7":{"start":{"line":15,"column":2},"end":{"line":30,"column":3}},"8":{"start":{"line":16,"column":30},"end":{"line":16,"column":47}},"9":{"start":{"line":17,"column":4},"end":{"line":17,"column":53}},"10":{"start":{"line":19,"column":21},"end":{"line":22,"column":5}},"11":{"start":{"line":24,"column":4},"end":{"line":24,"column":39}},"12":{"start":{"line":26,"column":4},"end":{"line":26,"column":40}},"13":{"start":{"line":28,"column":4},"end":{"line":28,"column":56}},"14":{"start":{"line":29,"column":4},"end":{"line":29,"column":16}},"15":{"start":{"line":33,"column":26},"end":{"line":52,"column":3}},"16":{"start":{"line":41,"column":8},"end":{"line":41,"column":12}},"17":{"start":{"line":43,"column":21},"end":{"line":49,"column":5}},"18":{"start":{"line":51,"column":4},"end":{"line":51,"column":19}},"19":{"start":{"line":54,"column":28},"end":{"line":89,"column":3}},"20":{"start":{"line":56,"column":35},"end":{"line":59,"column":5}},"21":{"start":{"line":62,"column":4},"end":{"line":64,"column":5}},"22":{"start":{"line":63,"column":6},"end":{"line":63,"column":18}},"23":{"start":{"line":66,"column":25},"end":{"line":66,"column":40}},"24":{"start":{"line":69,"column":24},"end":{"line":73,"column":5}},"25":{"start":{"line":76,"column":34},"end":{"line":86,"column":5}},"26":{"start":{"line":88,"column":4},"end":{"line":88,"column":54}},"27":{"start":{"line":91,"column":26},"end":{"line":94,"column":1}},"28":{"start":{"line":92,"column":17},"end":{"line":92,"column":74}},"29":{"start":{"line":93,"column":2},"end":{"line":93,"column":25}},"30":{"start":{"line":96,"column":33},"end":{"line":102,"column":3}},"31":{"start":{"line":97,"column":21},"end":{"line":100,"column":5}},"32":{"start":{"line":101,"column":4},"end":{"line":101,"column":40}}},"fnMap":{"0":{"name":"(anonymous_0)","decl":{"start":{"line":4,"column":24},"end":{"line":4,"column":25}},"loc":{"start":{"line":4,"column":36},"end":{"line":7,"column":1}},"line":4},"1":{"name":"(anonymous_1)","decl":{"start":{"line":9,"column":28},"end":{"line":9,"column":29}},"loc":{"start":{"line":9,"column":42},"end":{"line":12,"column":1}},"line":9},"2":{"name":"(anonymous_2)","decl":{"start":{"line":14,"column":33},"end":{"line":14,"column":34}},"loc":{"start":{"line":14,"column":55},"end":{"line":31,"column":1}},"line":14},"3":{"name":"(anonymous_3)","decl":{"start":{"line":33,"column":26},"end":{"line":33,"column":27}},"loc":{"start":{"line":33,"column":42},"end":{"line":52,"column":3}},"line":33},"4":{"name":"(anonymous_4)","decl":{"start":{"line":54,"column":28},"end":{"line":54,"column":29}},"loc":{"start":{"line":54,"column":48},"end":{"line":89,"column":3}},"line":54},"5":{"name":"(anonymous_5)","decl":{"start":{"line":91,"column":26},"end":{"line":91,"column":27}},"loc":{"start":{"line":91,"column":40},"end":{"line":94,"column":1}},"line":91},"6":{"name":"(anonymous_6)","decl":{"start":{"line":96,"column":33},"end":{"line":96,"column":34}},"loc":{"start":{"line":96,"column":60},"end":{"line":102,"column":3}},"line":96}},"branchMap":{"0":{"loc":{"start":{"line":11,"column":9},"end":{"line":11,"column":37}},"type":"cond-expr","locations":[{"start":{"line":11,"column":23},"end":{"line":11,"column":30}},{"start":{"line":11,"column":33},"end":{"line":11,"column":37}}],"line":11},"1":{"loc":{"start":{"line":26,"column":11},"end":{"line":26,"column":39}},"type":"cond-expr","locations":[{"start":{"line":26,"column":25},"end":{"line":26,"column":32}},{"start":{"line":26,"column":35},"end":{"line":26,"column":39}}],"line":26},"2":{"loc":{"start":{"line":36,"column":6},"end":{"line":36,"column":15}},"type":"default-arg","locations":[{"start":{"line":36,"column":13},"end":{"line":36,"column":15}}],"line":36},"3":{"loc":{"start":{"line":37,"column":6},"end":{"line":37,"column":16}},"type":"default-arg","locations":[{"start":{"line":37,"column":14},"end":{"line":37,"column":16}}],"line":37},"4":{"loc":{"start":{"line":38,"column":6},"end":{"line":38,"column":23}},"type":"default-arg","locations":[{"start":{"line":38,"column":21},"end":{"line":38,"column":23}}],"line":38},"5":{"loc":{"start":{"line":39,"column":6},"end":{"line":39,"column":26}},"type":"default-arg","locations":[{"start":{"line":39,"column":24},"end":{"line":39,"column":26}}],"line":39},"6":{"loc":{"start":{"line":40,"column":6},"end":{"line":40,"column":21}},"type":"default-arg","locations":[{"start":{"line":40,"column":19},"end":{"line":40,"column":21}}],"line":40},"7":{"loc":{"start":{"line":62,"column":4},"end":{"line":64,"column":5}},"type":"if","locations":[{"start":{"line":62,"column":4},"end":{"line":64,"column":5}},{"start":{},"end":{}}],"line":62},"8":{"loc":{"start":{"line":72,"column":18},"end":{"line":72,"column":80}},"type":"cond-expr","locations":[{"start":{"line":72,"column":36},"end":{"line":72,"column":51}},{"start":{"line":72,"column":54},"end":{"line":72,"column":80}}],"line":72},"9":{"loc":{"start":{"line":88,"column":11},"end":{"line":88,"column":53}},"type":"cond-expr","locations":[{"start":{"line":88,"column":32},"end":{"line":88,"column":46}},{"start":{"line":88,"column":49},"end":{"line":88,"column":53}}],"line":88},"10":{"loc":{"start":{"line":101,"column":11},"end":{"line":101,"column":39}},"type":"cond-expr","locations":[{"start":{"line":101,"column":25},"end":{"line":101,"column":32}},{"start":{"line":101,"column":35},"end":{"line":101,"column":39}}],"line":101}},"s":{"0":1,"1":0,"2":0,"3":1,"4":0,"5":0,"6":1,"7":0,"8":0,"9":0,"10":0,"11":0,"12":0,"13":0,"14":0,"15":1,"16":0,"17":0,"18":0,"19":1,"20":0,"21":0,"22":0,"23":0,"24":0,"25":0,"26":0,"27":1,"28":0,"29":0,"30":1,"31":0,"32":0},"f":{"0":0,"1":0,"2":0,"3":0,"4":0,"5":0,"6":0},"b":{"0":[0,0],"1":[0,0],"2":[0],"3":[0],"4":[0],"5":[0],"6":[0],"7":[0,0],"8":[0,0],"9":[0,0],"10":[0,0]},"inputSourceMap":null,"_coverageSchema":"1a1c01bbd47fc00a2c39e90264f33305004495a9","hash":"bee9df531f3e0314b673dc685ba8147207fe150a"}
,"C:\\Users\\Bagance.DESKTOP-CTTOA7J\\Work\\Repo\\Personal Project\\ecommerce\\backend\\src\\routes\\authentication.route.js": {"path":"C:\\Users\\Bagance.DESKTOP-CTTOA7J\\Work\\Repo\\Personal Project\\ecommerce\\backend\\src\\routes\\authentication.route.js","statementMap":{"0":{"start":{"line":5,"column":19},"end":{"line":5,"column":35}},"1":{"start":{"line":8,"column":0},"end":{"line":8,"column":37}},"2":{"start":{"line":9,"column":0},"end":{"line":9,"column":38}}},"fnMap":{},"branchMap":{},"s":{"0":1,"1":1,"2":1},"f":{},"b":{},"inputSourceMap":null,"_coverageSchema":"1a1c01bbd47fc00a2c39e90264f33305004495a9","hash":"3d7ab4d0c4c4511a31b5b6805a34360c00c8d6d8"}
,"C:\\Users\\Bagance.DESKTOP-CTTOA7J\\Work\\Repo\\Personal Project\\ecommerce\\backend\\src\\routes\\categories.route.js": {"path":"C:\\Users\\Bagance.DESKTOP-CTTOA7J\\Work\\Repo\\Personal Project\\ecommerce\\backend\\src\\routes\\categories.route.js","statementMap":{"0":{"start":{"line":6,"column":25},"end":{"line":6,"column":41}},"1":{"start":{"line":8,"column":0},"end":{"line":8,"column":44}},"2":{"start":{"line":9,"column":0},"end":{"line":9,"column":42}},"3":{"start":{"line":10,"column":0},"end":{"line":10,"column":46}},"4":{"start":{"line":11,"column":0},"end":{"line":11,"column":54}},"5":{"start":{"line":12,"column":0},"end":{"line":12,"column":79}},"6":{"start":{"line":13,"column":0},"end":{"line":13,"column":90}},"7":{"start":{"line":14,"column":0},"end":{"line":14,"column":48}},"8":{"start":{"line":15,"column":0},"end":{"line":15,"column":72}}},"fnMap":{},"branchMap":{},"s":{"0":1,"1":1,"2":1,"3":1,"4":1,"5":1,"6":1,"7":1,"8":1},"f":{},"b":{},"inputSourceMap":null,"_coverageSchema":"1a1c01bbd47fc00a2c39e90264f33305004495a9","hash":"df4a3c5de7a8f01265adb5a0c6c17d7100bcc2e0"}
,"C:\\Users\\Bagance.DESKTOP-CTTOA7J\\Work\\Repo\\Personal Project\\ecommerce\\backend\\src\\routes\\cities.route.js": {"path":"C:\\Users\\Bagance.DESKTOP-CTTOA7J\\Work\\Repo\\Personal Project\\ecommerce\\backend\\src\\routes\\cities.route.js","statementMap":{"0":{"start":{"line":4,"column":21},"end":{"line":4,"column":37}},"1":{"start":{"line":6,"column":0},"end":{"line":6,"column":46}},"2":{"start":{"line":7,"column":0},"end":{"line":7,"column":76}},"3":{"start":{"line":8,"column":0},"end":{"line":8,"column":66}},"4":{"start":{"line":9,"column":0},"end":{"line":9,"column":78}}},"fnMap":{},"branchMap":{},"s":{"0":1,"1":1,"2":1,"3":1,"4":1},"f":{},"b":{},"inputSourceMap":null,"_coverageSchema":"1a1c01bbd47fc00a2c39e90264f33305004495a9","hash":"238cc6b9153f55a9c1d1e5f64ee23afa69e4cff1"}
,"C:\\Users\\Bagance.DESKTOP-CTTOA7J\\Work\\Repo\\Personal Project\\ecommerce\\backend\\src\\routes\\collections.route.js": {"path":"C:\\Users\\Bagance.DESKTOP-CTTOA7J\\Work\\Repo\\Personal Project\\ecommerce\\backend\\src\\routes\\collections.route.js","statementMap":{"0":{"start":{"line":6,"column":26},"end":{"line":6,"column":42}},"1":{"start":{"line":8,"column":0},"end":{"line":8,"column":46}},"2":{"start":{"line":9,"column":0},"end":{"line":9,"column":45}},"3":{"start":{"line":10,"column":0},"end":{"line":10,"column":49}},"4":{"start":{"line":11,"column":0},"end":{"line":11,"column":55}},"5":{"start":{"line":12,"column":0},"end":{"line":12,"column":81}},"6":{"start":{"line":13,"column":0},"end":{"line":13,"column":91}},"7":{"start":{"line":14,"column":0},"end":{"line":14,"column":51}}},"fnMap":{},"branchMap":{},"s":{"0":1,"1":1,"2":1,"3":1,"4":1,"5":1,"6":1,"7":1},"f":{},"b":{},"inputSourceMap":null,"_coverageSchema":"1a1c01bbd47fc00a2c39e90264f33305004495a9","hash":"4e3c83893088241749f91fb54a1b5841643263fa"}
,"C:\\Users\\Bagance.DESKTOP-CTTOA7J\\Work\\Repo\\Personal Project\\ecommerce\\backend\\src\\routes\\index.js": {"path":"C:\\Users\\Bagance.DESKTOP-CTTOA7J\\Work\\Repo\\Personal Project\\ecommerce\\backend\\src\\routes\\index.js","statementMap":{"0":{"start":{"line":10,"column":15},"end":{"line":10,"column":31}},"1":{"start":{"line":12,"column":0},"end":{"line":12,"column":44}},"2":{"start":{"line":13,"column":0},"end":{"line":13,"column":46}},"3":{"start":{"line":14,"column":0},"end":{"line":14,"column":40}},"4":{"start":{"line":15,"column":0},"end":{"line":15,"column":36}},"5":{"start":{"line":16,"column":0},"end":{"line":16,"column":34}},"6":{"start":{"line":17,"column":0},"end":{"line":17,"column":32}},"7":{"start":{"line":18,"column":0},"end":{"line":18,"column":36}}},"fnMap":{},"branchMap":{},"s":{"0":1,"1":1,"2":1,"3":1,"4":1,"5":1,"6":1,"7":1},"f":{},"b":{},"inputSourceMap":null,"_coverageSchema":"1a1c01bbd47fc00a2c39e90264f33305004495a9","hash":"578b590d512284bcbbe111281360a7c8504e3ba0"}
,"C:\\Users\\Bagance.DESKTOP-CTTOA7J\\Work\\Repo\\Personal Project\\ecommerce\\backend\\src\\routes\\orders.route.js": {"path":"C:\\Users\\Bagance.DESKTOP-CTTOA7J\\Work\\Repo\\Personal Project\\ecommerce\\backend\\src\\routes\\orders.route.js","statementMap":{"0":{"start":{"line":4,"column":21},"end":{"line":4,"column":37}},"1":{"start":{"line":6,"column":0},"end":{"line":6,"column":36}},"2":{"start":{"line":7,"column":0},"end":{"line":7,"column":48}},"3":{"start":{"line":8,"column":0},"end":{"line":8,"column":43}},"4":{"start":{"line":9,"column":0},"end":{"line":9,"column":39}},"5":{"start":{"line":10,"column":0},"end":{"line":10,"column":46}},"6":{"start":{"line":11,"column":0},"end":{"line":11,"column":41}}},"fnMap":{},"branchMap":{},"s":{"0":1,"1":1,"2":1,"3":1,"4":1,"5":1,"6":1},"f":{},"b":{},"inputSourceMap":null,"_coverageSchema":"1a1c01bbd47fc00a2c39e90264f33305004495a9","hash":"bdaa404e6c99b0b80c7a4e6823d0d8a99e1351d0"}
,"C:\\Users\\Bagance.DESKTOP-CTTOA7J\\Work\\Repo\\Personal Project\\ecommerce\\backend\\src\\routes\\products.route.js": {"path":"C:\\Users\\Bagance.DESKTOP-CTTOA7J\\Work\\Repo\\Personal Project\\ecommerce\\backend\\src\\routes\\products.route.js","statementMap":{"0":{"start":{"line":7,"column":23},"end":{"line":7,"column":39}},"1":{"start":{"line":10,"column":0},"end":{"line":10,"column":43}},"2":{"start":{"line":11,"column":0},"end":{"line":11,"column":39}},"3":{"start":{"line":12,"column":0},"end":{"line":12,"column":68}},"4":{"start":{"line":13,"column":0},"end":{"line":13,"column":73}},"5":{"start":{"line":14,"column":0},"end":{"line":14,"column":43}},"6":{"start":{"line":15,"column":0},"end":{"line":15,"column":50}},"7":{"start":{"line":16,"column":0},"end":{"line":16,"column":74}},"8":{"start":{"line":17,"column":0},"end":{"line":17,"column":77}},"9":{"start":{"line":18,"column":0},"end":{"line":18,"column":45}},"10":{"start":{"line":19,"column":0},"end":{"line":19,"column":59}},"11":{"start":{"line":20,"column":0},"end":{"line":20,"column":66}}},"fnMap":{},"branchMap":{},"s":{"0":1,"1":1,"2":1,"3":1,"4":1,"5":1,"6":1,"7":1,"8":1,"9":1,"10":1,"11":1},"f":{},"b":{},"inputSourceMap":null,"_coverageSchema":"1a1c01bbd47fc00a2c39e90264f33305004495a9","hash":"1b8e9679fe3e7ef0eedd0d7d7669fae8eeb39949"}
,"C:\\Users\\Bagance.DESKTOP-CTTOA7J\\Work\\Repo\\Personal Project\\ecommerce\\backend\\src\\routes\\users.route.js": {"path":"C:\\Users\\Bagance.DESKTOP-CTTOA7J\\Work\\Repo\\Personal Project\\ecommerce\\backend\\src\\routes\\users.route.js","statementMap":{"0":{"start":{"line":6,"column":20},"end":{"line":6,"column":36}},"1":{"start":{"line":9,"column":19},"end":{"line":9,"column":53}},"2":{"start":{"line":12,"column":0},"end":{"line":12,"column":34}},"3":{"start":{"line":13,"column":0},"end":{"line":13,"column":33}},"4":{"start":{"line":14,"column":0},"end":{"line":14,"column":69}},"5":{"start":{"line":15,"column":0},"end":{"line":15,"column":76}},"6":{"start":{"line":16,"column":0},"end":{"line":16,"column":39}}},"fnMap":{},"branchMap":{},"s":{"0":1,"1":1,"2":1,"3":1,"4":1,"5":1,"6":1},"f":{},"b":{},"inputSourceMap":null,"_coverageSchema":"1a1c01bbd47fc00a2c39e90264f33305004495a9","hash":"64f388c59a0a7a6b9f6a0580cb2b331e16298dfa"}
,"C:\\Users\\Bagance.DESKTOP-CTTOA7J\\Work\\Repo\\Personal Project\\ecommerce\\backend\\src\\services\\multer.js": {"path":"C:\\Users\\Bagance.DESKTOP-CTTOA7J\\Work\\Repo\\Personal Project\\ecommerce\\backend\\src\\services\\multer.js","statementMap":{"0":{"start":{"line":5,"column":16},"end":{"line":13,"column":2}},"1":{"start":{"line":7,"column":8},"end":{"line":7,"column":29}},"2":{"start":{"line":11,"column":8},"end":{"line":11,"column":55}},"3":{"start":{"line":16,"column":15},"end":{"line":16,"column":43}}},"fnMap":{"0":{"name":"(anonymous_0)","decl":{"start":{"line":6,"column":17},"end":{"line":6,"column":18}},"loc":{"start":{"line":6,"column":36},"end":{"line":8,"column":5}},"line":6},"1":{"name":"(anonymous_1)","decl":{"start":{"line":9,"column":14},"end":{"line":9,"column":15}},"loc":{"start":{"line":9,"column":33},"end":{"line":12,"column":5}},"line":9}},"branchMap":{},"s":{"0":1,"1":0,"2":0,"3":1},"f":{"0":0,"1":0},"b":{},"inputSourceMap":null,"_coverageSchema":"1a1c01bbd47fc00a2c39e90264f33305004495a9","hash":"4d9501ef38741ade6f510c3c975008ae1aacd700"}
,"C:\\Users\\Bagance.DESKTOP-CTTOA7J\\Work\\Repo\\Personal Project\\ecommerce\\backend\\src\\utils\\index.js": {"path":"C:\\Users\\Bagance.DESKTOP-CTTOA7J\\Work\\Repo\\Personal Project\\ecommerce\\backend\\src\\utils\\index.js","statementMap":{"0":{"start":{"line":6,"column":36},"end":{"line":17,"column":1}},"1":{"start":{"line":8,"column":19},"end":{"line":8,"column":52}},"2":{"start":{"line":11,"column":2},"end":{"line":16,"column":3}},"3":{"start":{"line":12,"column":25},"end":{"line":12,"column":50}},"4":{"start":{"line":13,"column":4},"end":{"line":13,"column":36}},"5":{"start":{"line":15,"column":4},"end":{"line":15,"column":46}},"6":{"start":{"line":20,"column":28},"end":{"line":23,"column":1}},"7":{"start":{"line":21,"column":15},"end":{"line":21,"column":39}},"8":{"start":{"line":22,"column":2},"end":{"line":22,"column":37}},"9":{"start":{"line":25,"column":32},"end":{"line":27,"column":1}},"10":{"start":{"line":26,"column":2},"end":{"line":26,"column":61}}},"fnMap":{"0":{"name":"(anonymous_0)","decl":{"start":{"line":6,"column":36},"end":{"line":6,"column":37}},"loc":{"start":{"line":6,"column":59},"end":{"line":17,"column":1}},"line":6},"1":{"name":"(anonymous_1)","decl":{"start":{"line":20,"column":28},"end":{"line":20,"column":29}},"loc":{"start":{"line":20,"column":48},"end":{"line":23,"column":1}},"line":20},"2":{"name":"(anonymous_2)","decl":{"start":{"line":25,"column":32},"end":{"line":25,"column":33}},"loc":{"start":{"line":25,"column":73},"end":{"line":27,"column":1}},"line":25}},"branchMap":{"0":{"loc":{"start":{"line":11,"column":2},"end":{"line":16,"column":3}},"type":"if","locations":[{"start":{"line":11,"column":2},"end":{"line":16,"column":3}},{"start":{"line":14,"column":9},"end":{"line":16,"column":3}}],"line":11}},"s":{"0":1,"1":0,"2":0,"3":0,"4":0,"5":0,"6":1,"7":0,"8":0,"9":1,"10":0},"f":{"0":0,"1":0,"2":0},"b":{"0":[0,0]},"inputSourceMap":null,"_coverageSchema":"1a1c01bbd47fc00a2c39e90264f33305004495a9","hash":"f604be8229c88dfe96bc1e39e1b65be1269fe015"}
}
